<?xml version="1.0" encoding="UTF-8"?>
<testng-results ignored="0" total="20" passed="20" failed="0" skipped="0">
  <reporter-output>
  </reporter-output>
  <suite started-at="2022-07-05T20:00:48 IST" name="Default suite" finished-at="2022-07-05T20:07:53 IST" duration-ms="424788">
    <groups>
      <group name="cucumber">
        <method signature="AbstractTestNGCucumberTests.runScenario(io.cucumber.testng.PickleWrapper,io.cucumber.testng.FeatureWrapper)[pri:0, instance:com.follo.enginerunner.EngineRunner@82de64a]" name="runScenario" class="io.cucumber.testng.AbstractTestNGCucumberTests"/>
      </group> <!-- cucumber -->
    </groups>
    <test started-at="2022-07-05T20:00:48 IST" name="Default test" finished-at="2022-07-05T20:07:53 IST" duration-ms="424788">
      <class name="com.follo.enginerunner.EngineRunner">
        <test-method is-config="true" signature="setUpClass()[pri:0, instance:com.follo.enginerunner.EngineRunner@82de64a]" started-at="2022-07-05T20:00:48 IST" name="setUpClass" finished-at="2022-07-05T20:00:49 IST" duration-ms="591" status="PASS">
          <reporter-output>
          </reporter-output>
        </test-method> <!-- setUpClass -->
        <test-method signature="runScenario(io.cucumber.testng.PickleWrapper,io.cucumber.testng.FeatureWrapper)[pri:0, instance:com.follo.enginerunner.EngineRunner@82de64a]" started-at="2022-07-05T20:00:49 IST" name="runScenario" description="Runs Cucumber Scenarios" data-provider="scenarios" finished-at="2022-07-05T20:01:12 IST" duration-ms="23222" status="PASS">
          <params>
            <param index="0">
              <value>
                <![CDATA["Launch the app URL and navigate to register popup"]]>
              </value>
            </param>
            <param index="1">
              <value>
                <![CDATA["Optional[To verify the Register feature]"]]>
              </value>
            </param>
          </params>
          <reporter-output>
          </reporter-output>
        </test-method> <!-- runScenario -->
        <test-method signature="runScenario(io.cucumber.testng.PickleWrapper,io.cucumber.testng.FeatureWrapper)[pri:0, instance:com.follo.enginerunner.EngineRunner@82de64a]" started-at="2022-07-05T20:01:12 IST" name="runScenario" description="Runs Cucumber Scenarios" data-provider="scenarios" finished-at="2022-07-05T20:01:18 IST" duration-ms="5595" status="PASS">
          <params>
            <param index="0">
              <value>
                <![CDATA["Register Without credentials in register"]]>
              </value>
            </param>
            <param index="1">
              <value>
                <![CDATA["Optional[To verify the Register feature]"]]>
              </value>
            </param>
          </params>
          <reporter-output>
          </reporter-output>
        </test-method> <!-- runScenario -->
        <test-method signature="runScenario(io.cucumber.testng.PickleWrapper,io.cucumber.testng.FeatureWrapper)[pri:0, instance:com.follo.enginerunner.EngineRunner@82de64a]" started-at="2022-07-05T20:01:18 IST" name="runScenario" description="Runs Cucumber Scenarios" data-provider="scenarios" finished-at="2022-07-05T20:01:29 IST" duration-ms="11478" status="PASS">
          <params>
            <param index="0">
              <value>
                <![CDATA["Invalid Email Format Error in register"]]>
              </value>
            </param>
            <param index="1">
              <value>
                <![CDATA["Optional[To verify the Register feature]"]]>
              </value>
            </param>
          </params>
          <reporter-output>
          </reporter-output>
        </test-method> <!-- runScenario -->
        <test-method signature="runScenario(io.cucumber.testng.PickleWrapper,io.cucumber.testng.FeatureWrapper)[pri:0, instance:com.follo.enginerunner.EngineRunner@82de64a]" started-at="2022-07-05T20:01:29 IST" name="runScenario" description="Runs Cucumber Scenarios" data-provider="scenarios" finished-at="2022-07-05T20:01:49 IST" duration-ms="19520" status="PASS">
          <params>
            <param index="0">
              <value>
                <![CDATA["Already used mailId and phone number"]]>
              </value>
            </param>
            <param index="1">
              <value>
                <![CDATA["Optional[To verify the Register feature]"]]>
              </value>
            </param>
          </params>
          <reporter-output>
          </reporter-output>
        </test-method> <!-- runScenario -->
        <test-method signature="runScenario(io.cucumber.testng.PickleWrapper,io.cucumber.testng.FeatureWrapper)[pri:0, instance:com.follo.enginerunner.EngineRunner@82de64a]" started-at="2022-07-05T20:01:49 IST" name="runScenario" description="Runs Cucumber Scenarios" data-provider="scenarios" finished-at="2022-07-05T20:01:59 IST" duration-ms="10429" status="PASS">
          <params>
            <param index="0">
              <value>
                <![CDATA["Filling the mailId and phone number"]]>
              </value>
            </param>
            <param index="1">
              <value>
                <![CDATA["Optional[To verify the Register feature]"]]>
              </value>
            </param>
          </params>
          <reporter-output>
          </reporter-output>
        </test-method> <!-- runScenario -->
        <test-method signature="runScenario(io.cucumber.testng.PickleWrapper,io.cucumber.testng.FeatureWrapper)[pri:0, instance:com.follo.enginerunner.EngineRunner@82de64a]" started-at="2022-07-05T20:01:59 IST" name="runScenario" description="Runs Cucumber Scenarios" data-provider="scenarios" finished-at="2022-07-05T20:02:08 IST" duration-ms="8710" status="PASS">
          <params>
            <param index="0">
              <value>
                <![CDATA["Filling the basic details"]]>
              </value>
            </param>
            <param index="1">
              <value>
                <![CDATA["Optional[To verify the Register feature]"]]>
              </value>
            </param>
          </params>
          <reporter-output>
          </reporter-output>
        </test-method> <!-- runScenario -->
        <test-method signature="runScenario(io.cucumber.testng.PickleWrapper,io.cucumber.testng.FeatureWrapper)[pri:0, instance:com.follo.enginerunner.EngineRunner@82de64a]" started-at="2022-07-05T20:02:08 IST" name="runScenario" description="Runs Cucumber Scenarios" data-provider="scenarios" finished-at="2022-07-05T20:02:22 IST" duration-ms="14385" status="PASS">
          <params>
            <param index="0">
              <value>
                <![CDATA["Filling the project details"]]>
              </value>
            </param>
            <param index="1">
              <value>
                <![CDATA["Optional[To verify the Register feature]"]]>
              </value>
            </param>
          </params>
          <reporter-output>
          </reporter-output>
        </test-method> <!-- runScenario -->
        <test-method signature="runScenario(io.cucumber.testng.PickleWrapper,io.cucumber.testng.FeatureWrapper)[pri:0, instance:com.follo.enginerunner.EngineRunner@82de64a]" started-at="2022-07-05T20:02:22 IST" name="runScenario" description="Runs Cucumber Scenarios" data-provider="scenarios" finished-at="2022-07-05T20:02:54 IST" duration-ms="31467" status="PASS">
          <params>
            <param index="0">
              <value>
                <![CDATA["User selects the subscription plan"]]>
              </value>
            </param>
            <param index="1">
              <value>
                <![CDATA["Optional[To verify the Register feature]"]]>
              </value>
            </param>
          </params>
          <reporter-output>
          </reporter-output>
        </test-method> <!-- runScenario -->
        <test-method signature="runScenario(io.cucumber.testng.PickleWrapper,io.cucumber.testng.FeatureWrapper)[pri:0, instance:com.follo.enginerunner.EngineRunner@82de64a]" started-at="2022-07-05T20:02:54 IST" name="runScenario" description="Runs Cucumber Scenarios" data-provider="scenarios" finished-at="2022-07-05T20:03:37 IST" duration-ms="43619" status="PASS">
          <params>
            <param index="0">
              <value>
                <![CDATA["Launch the app URL and navigate to login page"]]>
              </value>
            </param>
            <param index="1">
              <value>
                <![CDATA["Optional[To verify the Login feature]"]]>
              </value>
            </param>
          </params>
          <reporter-output>
          </reporter-output>
        </test-method> <!-- runScenario -->
        <test-method signature="runScenario(io.cucumber.testng.PickleWrapper,io.cucumber.testng.FeatureWrapper)[pri:0, instance:com.follo.enginerunner.EngineRunner@82de64a]" started-at="2022-07-05T20:03:37 IST" name="runScenario" description="Runs Cucumber Scenarios" data-provider="scenarios" finished-at="2022-07-05T20:03:44 IST" duration-ms="6132" status="PASS">
          <params>
            <param index="0">
              <value>
                <![CDATA["Login With without credentials"]]>
              </value>
            </param>
            <param index="1">
              <value>
                <![CDATA["Optional[To verify the Login feature]"]]>
              </value>
            </param>
          </params>
          <reporter-output>
          </reporter-output>
        </test-method> <!-- runScenario -->
        <test-method signature="runScenario(io.cucumber.testng.PickleWrapper,io.cucumber.testng.FeatureWrapper)[pri:0, instance:com.follo.enginerunner.EngineRunner@82de64a]" started-at="2022-07-05T20:03:44 IST" name="runScenario" description="Runs Cucumber Scenarios" data-provider="scenarios" finished-at="2022-07-05T20:03:52 IST" duration-ms="7970" status="PASS">
          <params>
            <param index="0">
              <value>
                <![CDATA["Invalid Email Format Error"]]>
              </value>
            </param>
            <param index="1">
              <value>
                <![CDATA["Optional[To verify the Login feature]"]]>
              </value>
            </param>
          </params>
          <reporter-output>
          </reporter-output>
        </test-method> <!-- runScenario -->
        <test-method signature="runScenario(io.cucumber.testng.PickleWrapper,io.cucumber.testng.FeatureWrapper)[pri:0, instance:com.follo.enginerunner.EngineRunner@82de64a]" started-at="2022-07-05T20:03:52 IST" name="runScenario" description="Runs Cucumber Scenarios" data-provider="scenarios" finished-at="2022-07-05T20:04:11 IST" duration-ms="19203" status="PASS">
          <params>
            <param index="0">
              <value>
                <![CDATA["Invalid Password Error"]]>
              </value>
            </param>
            <param index="1">
              <value>
                <![CDATA["Optional[To verify the Login feature]"]]>
              </value>
            </param>
          </params>
          <reporter-output>
          </reporter-output>
        </test-method> <!-- runScenario -->
        <test-method signature="runScenario(io.cucumber.testng.PickleWrapper,io.cucumber.testng.FeatureWrapper)[pri:0, instance:com.follo.enginerunner.EngineRunner@82de64a]" started-at="2022-07-05T20:04:11 IST" name="runScenario" description="Runs Cucumber Scenarios" data-provider="scenarios" finished-at="2022-07-05T20:04:28 IST" duration-ms="17659" status="PASS">
          <params>
            <param index="0">
              <value>
                <![CDATA["To check for Broken Links and images in Login page"]]>
              </value>
            </param>
            <param index="1">
              <value>
                <![CDATA["Optional[To verify the Login feature]"]]>
              </value>
            </param>
          </params>
          <reporter-output>
          </reporter-output>
        </test-method> <!-- runScenario -->
        <test-method signature="runScenario(io.cucumber.testng.PickleWrapper,io.cucumber.testng.FeatureWrapper)[pri:0, instance:com.follo.enginerunner.EngineRunner@82de64a]" started-at="2022-07-05T20:04:28 IST" name="runScenario" description="Runs Cucumber Scenarios" data-provider="scenarios" finished-at="2022-07-05T20:04:49 IST" duration-ms="20204" status="PASS">
          <params>
            <param index="0">
              <value>
                <![CDATA["User logging in with valid credentials"]]>
              </value>
            </param>
            <param index="1">
              <value>
                <![CDATA["Optional[To verify the Login feature]"]]>
              </value>
            </param>
          </params>
          <reporter-output>
          </reporter-output>
        </test-method> <!-- runScenario -->
        <test-method signature="runScenario(io.cucumber.testng.PickleWrapper,io.cucumber.testng.FeatureWrapper)[pri:0, instance:com.follo.enginerunner.EngineRunner@82de64a]" started-at="2022-07-05T20:04:49 IST" name="runScenario" description="Runs Cucumber Scenarios" data-provider="scenarios" finished-at="2022-07-05T20:04:59 IST" duration-ms="10760" status="PASS">
          <params>
            <param index="0">
              <value>
                <![CDATA["To select project"]]>
              </value>
            </param>
            <param index="1">
              <value>
                <![CDATA["Optional[To verify the Login feature]"]]>
              </value>
            </param>
          </params>
          <reporter-output>
          </reporter-output>
        </test-method> <!-- runScenario -->
        <test-method signature="runScenario(io.cucumber.testng.PickleWrapper,io.cucumber.testng.FeatureWrapper)[pri:0, instance:com.follo.enginerunner.EngineRunner@82de64a]" started-at="2022-07-05T20:04:59 IST" name="runScenario" description="Runs Cucumber Scenarios" data-provider="scenarios" finished-at="2022-07-05T20:06:43 IST" duration-ms="103249" status="PASS">
          <params>
            <param index="0">
              <value>
                <![CDATA["To navigate to DFOW feature"]]>
              </value>
            </param>
            <param index="1">
              <value>
                <![CDATA["Optional[To verify the DFOW feature]"]]>
              </value>
            </param>
          </params>
          <reporter-output>
          </reporter-output>
        </test-method> <!-- runScenario -->
        <test-method signature="runScenario(io.cucumber.testng.PickleWrapper,io.cucumber.testng.FeatureWrapper)[pri:0, instance:com.follo.enginerunner.EngineRunner@82de64a]" started-at="2022-07-05T20:06:43 IST" name="runScenario" description="Runs Cucumber Scenarios" data-provider="scenarios" finished-at="2022-07-05T20:06:58 IST" duration-ms="15081" status="PASS">
          <params>
            <param index="0">
              <value>
                <![CDATA["Import Invalid DFOW File"]]>
              </value>
            </param>
            <param index="1">
              <value>
                <![CDATA["Optional[To verify the DFOW feature]"]]>
              </value>
            </param>
          </params>
          <reporter-output>
          </reporter-output>
        </test-method> <!-- runScenario -->
        <test-method signature="runScenario(io.cucumber.testng.PickleWrapper,io.cucumber.testng.FeatureWrapper)[pri:0, instance:com.follo.enginerunner.EngineRunner@82de64a]" started-at="2022-07-05T20:06:58 IST" name="runScenario" description="Runs Cucumber Scenarios" data-provider="scenarios" finished-at="2022-07-05T20:07:15 IST" duration-ms="17277" status="PASS">
          <params>
            <param index="0">
              <value>
                <![CDATA["Import DFOW list"]]>
              </value>
            </param>
            <param index="1">
              <value>
                <![CDATA["Optional[To verify the DFOW feature]"]]>
              </value>
            </param>
          </params>
          <reporter-output>
          </reporter-output>
        </test-method> <!-- runScenario -->
        <test-method signature="runScenario(io.cucumber.testng.PickleWrapper,io.cucumber.testng.FeatureWrapper)[pri:0, instance:com.follo.enginerunner.EngineRunner@82de64a]" started-at="2022-07-05T20:07:15 IST" name="runScenario" description="Runs Cucumber Scenarios" data-provider="scenarios" finished-at="2022-07-05T20:07:40 IST" duration-ms="25027" status="PASS">
          <params>
            <param index="0">
              <value>
                <![CDATA["Search DFOW"]]>
              </value>
            </param>
            <param index="1">
              <value>
                <![CDATA["Optional[To verify the DFOW feature]"]]>
              </value>
            </param>
          </params>
          <reporter-output>
          </reporter-output>
        </test-method> <!-- runScenario -->
        <test-method signature="runScenario(io.cucumber.testng.PickleWrapper,io.cucumber.testng.FeatureWrapper)[pri:0, instance:com.follo.enginerunner.EngineRunner@82de64a]" started-at="2022-07-05T20:07:40 IST" name="runScenario" description="Runs Cucumber Scenarios" data-provider="scenarios" finished-at="2022-07-05T20:07:53 IST" duration-ms="13127" status="PASS">
          <params>
            <param index="0">
              <value>
                <![CDATA["Delete a DFOW from the list"]]>
              </value>
            </param>
            <param index="1">
              <value>
                <![CDATA["Optional[To verify the DFOW feature]"]]>
              </value>
            </param>
          </params>
          <reporter-output>
          </reporter-output>
        </test-method> <!-- runScenario -->
        <test-method is-config="true" signature="tearDownClass()[pri:0, instance:com.follo.enginerunner.EngineRunner@82de64a]" started-at="2022-07-05T20:07:53 IST" name="tearDownClass" finished-at="2022-07-05T20:07:53 IST" duration-ms="13" status="PASS">
          <reporter-output>
          </reporter-output>
        </test-method> <!-- tearDownClass -->
      </class> <!-- com.follo.enginerunner.EngineRunner -->
    </test> <!-- Default test -->
  </suite> <!-- Default suite -->
</testng-results>
