<?xml version="1.0" encoding="UTF-8"?>
<testng-results ignored="0" total="166" passed="166" failed="0" skipped="0">
  <reporter-output>
  </reporter-output>
  <suite started-at="2022-07-04T14:54:13 IST" name="Default suite" finished-at="2022-07-04T17:06:19 IST" duration-ms="7926012">
    <groups>
      <group name="cucumber">
        <method signature="AbstractTestNGCucumberTests.runScenario(io.cucumber.testng.PickleWrapper,io.cucumber.testng.FeatureWrapper)[pri:0, instance:com.follo.enginerunner.EngineRunner@82de64a]" name="runScenario" class="io.cucumber.testng.AbstractTestNGCucumberTests"/>
      </group> <!-- cucumber -->
    </groups>
    <test started-at="2022-07-04T14:54:13 IST" name="Default test" finished-at="2022-07-04T17:06:19 IST" duration-ms="7926012">
      <class name="com.follo.enginerunner.EngineRunner">
        <test-method is-config="true" signature="setUpClass()[pri:0, instance:com.follo.enginerunner.EngineRunner@82de64a]" started-at="2022-07-04T14:54:13 IST" name="setUpClass" finished-at="2022-07-04T14:54:14 IST" duration-ms="569" status="PASS">
          <reporter-output>
          </reporter-output>
        </test-method> <!-- setUpClass -->
        <test-method signature="runScenario(io.cucumber.testng.PickleWrapper,io.cucumber.testng.FeatureWrapper)[pri:0, instance:com.follo.enginerunner.EngineRunner@82de64a]" started-at="2022-07-04T14:54:14 IST" name="runScenario" description="Runs Cucumber Scenarios" data-provider="scenarios" finished-at="2022-07-04T14:54:42 IST" duration-ms="28544" status="PASS">
          <params>
            <param index="0">
              <value>
                <![CDATA["Launch the app URL and navigate to register popup"]]>
              </value>
            </param>
            <param index="1">
              <value>
                <![CDATA["Optional[To verify the Register feature]"]]>
              </value>
            </param>
          </params>
          <reporter-output>
          </reporter-output>
        </test-method> <!-- runScenario -->
        <test-method signature="runScenario(io.cucumber.testng.PickleWrapper,io.cucumber.testng.FeatureWrapper)[pri:0, instance:com.follo.enginerunner.EngineRunner@82de64a]" started-at="2022-07-04T14:54:42 IST" name="runScenario" description="Runs Cucumber Scenarios" data-provider="scenarios" finished-at="2022-07-04T14:54:48 IST" duration-ms="5700" status="PASS">
          <params>
            <param index="0">
              <value>
                <![CDATA["Register Without credentials in register"]]>
              </value>
            </param>
            <param index="1">
              <value>
                <![CDATA["Optional[To verify the Register feature]"]]>
              </value>
            </param>
          </params>
          <reporter-output>
          </reporter-output>
        </test-method> <!-- runScenario -->
        <test-method signature="runScenario(io.cucumber.testng.PickleWrapper,io.cucumber.testng.FeatureWrapper)[pri:0, instance:com.follo.enginerunner.EngineRunner@82de64a]" started-at="2022-07-04T14:54:48 IST" name="runScenario" description="Runs Cucumber Scenarios" data-provider="scenarios" finished-at="2022-07-04T14:55:01 IST" duration-ms="12903" status="PASS">
          <params>
            <param index="0">
              <value>
                <![CDATA["Invalid Email Format Error in register"]]>
              </value>
            </param>
            <param index="1">
              <value>
                <![CDATA["Optional[To verify the Register feature]"]]>
              </value>
            </param>
          </params>
          <reporter-output>
          </reporter-output>
        </test-method> <!-- runScenario -->
        <test-method signature="runScenario(io.cucumber.testng.PickleWrapper,io.cucumber.testng.FeatureWrapper)[pri:0, instance:com.follo.enginerunner.EngineRunner@82de64a]" started-at="2022-07-04T14:55:01 IST" name="runScenario" description="Runs Cucumber Scenarios" data-provider="scenarios" finished-at="2022-07-04T14:55:20 IST" duration-ms="19498" status="PASS">
          <params>
            <param index="0">
              <value>
                <![CDATA["Already used mailId and phone number"]]>
              </value>
            </param>
            <param index="1">
              <value>
                <![CDATA["Optional[To verify the Register feature]"]]>
              </value>
            </param>
          </params>
          <reporter-output>
          </reporter-output>
        </test-method> <!-- runScenario -->
        <test-method signature="runScenario(io.cucumber.testng.PickleWrapper,io.cucumber.testng.FeatureWrapper)[pri:0, instance:com.follo.enginerunner.EngineRunner@82de64a]" started-at="2022-07-04T14:55:20 IST" name="runScenario" description="Runs Cucumber Scenarios" data-provider="scenarios" finished-at="2022-07-04T14:55:31 IST" duration-ms="10450" status="PASS">
          <params>
            <param index="0">
              <value>
                <![CDATA["Filling the mailId and phone number"]]>
              </value>
            </param>
            <param index="1">
              <value>
                <![CDATA["Optional[To verify the Register feature]"]]>
              </value>
            </param>
          </params>
          <reporter-output>
          </reporter-output>
        </test-method> <!-- runScenario -->
        <test-method signature="runScenario(io.cucumber.testng.PickleWrapper,io.cucumber.testng.FeatureWrapper)[pri:0, instance:com.follo.enginerunner.EngineRunner@82de64a]" started-at="2022-07-04T14:55:31 IST" name="runScenario" description="Runs Cucumber Scenarios" data-provider="scenarios" finished-at="2022-07-04T14:55:39 IST" duration-ms="8125" status="PASS">
          <params>
            <param index="0">
              <value>
                <![CDATA["Filling the basic details"]]>
              </value>
            </param>
            <param index="1">
              <value>
                <![CDATA["Optional[To verify the Register feature]"]]>
              </value>
            </param>
          </params>
          <reporter-output>
          </reporter-output>
        </test-method> <!-- runScenario -->
        <test-method signature="runScenario(io.cucumber.testng.PickleWrapper,io.cucumber.testng.FeatureWrapper)[pri:0, instance:com.follo.enginerunner.EngineRunner@82de64a]" started-at="2022-07-04T14:55:39 IST" name="runScenario" description="Runs Cucumber Scenarios" data-provider="scenarios" finished-at="2022-07-04T14:55:54 IST" duration-ms="14813" status="PASS">
          <params>
            <param index="0">
              <value>
                <![CDATA["Filling the project details"]]>
              </value>
            </param>
            <param index="1">
              <value>
                <![CDATA["Optional[To verify the Register feature]"]]>
              </value>
            </param>
          </params>
          <reporter-output>
          </reporter-output>
        </test-method> <!-- runScenario -->
        <test-method signature="runScenario(io.cucumber.testng.PickleWrapper,io.cucumber.testng.FeatureWrapper)[pri:0, instance:com.follo.enginerunner.EngineRunner@82de64a]" started-at="2022-07-04T14:55:54 IST" name="runScenario" description="Runs Cucumber Scenarios" data-provider="scenarios" finished-at="2022-07-04T14:56:27 IST" duration-ms="33142" status="PASS">
          <params>
            <param index="0">
              <value>
                <![CDATA["User selects the subscription plan"]]>
              </value>
            </param>
            <param index="1">
              <value>
                <![CDATA["Optional[To verify the Register feature]"]]>
              </value>
            </param>
          </params>
          <reporter-output>
          </reporter-output>
        </test-method> <!-- runScenario -->
        <test-method signature="runScenario(io.cucumber.testng.PickleWrapper,io.cucumber.testng.FeatureWrapper)[pri:0, instance:com.follo.enginerunner.EngineRunner@82de64a]" started-at="2022-07-04T14:56:27 IST" name="runScenario" description="Runs Cucumber Scenarios" data-provider="scenarios" finished-at="2022-07-04T14:56:45 IST" duration-ms="18442" status="PASS">
          <params>
            <param index="0">
              <value>
                <![CDATA["Launch the app URL and navigate to login page"]]>
              </value>
            </param>
            <param index="1">
              <value>
                <![CDATA["Optional[To verify the Login feature]"]]>
              </value>
            </param>
          </params>
          <reporter-output>
          </reporter-output>
        </test-method> <!-- runScenario -->
        <test-method signature="runScenario(io.cucumber.testng.PickleWrapper,io.cucumber.testng.FeatureWrapper)[pri:0, instance:com.follo.enginerunner.EngineRunner@82de64a]" started-at="2022-07-04T14:56:45 IST" name="runScenario" description="Runs Cucumber Scenarios" data-provider="scenarios" finished-at="2022-07-04T14:56:52 IST" duration-ms="6607" status="PASS">
          <params>
            <param index="0">
              <value>
                <![CDATA["Login With without credentials"]]>
              </value>
            </param>
            <param index="1">
              <value>
                <![CDATA["Optional[To verify the Login feature]"]]>
              </value>
            </param>
          </params>
          <reporter-output>
          </reporter-output>
        </test-method> <!-- runScenario -->
        <test-method signature="runScenario(io.cucumber.testng.PickleWrapper,io.cucumber.testng.FeatureWrapper)[pri:0, instance:com.follo.enginerunner.EngineRunner@82de64a]" started-at="2022-07-04T14:56:52 IST" name="runScenario" description="Runs Cucumber Scenarios" data-provider="scenarios" finished-at="2022-07-04T14:57:02 IST" duration-ms="9691" status="PASS">
          <params>
            <param index="0">
              <value>
                <![CDATA["Invalid Email Format Error"]]>
              </value>
            </param>
            <param index="1">
              <value>
                <![CDATA["Optional[To verify the Login feature]"]]>
              </value>
            </param>
          </params>
          <reporter-output>
          </reporter-output>
        </test-method> <!-- runScenario -->
        <test-method signature="runScenario(io.cucumber.testng.PickleWrapper,io.cucumber.testng.FeatureWrapper)[pri:0, instance:com.follo.enginerunner.EngineRunner@82de64a]" started-at="2022-07-04T14:57:02 IST" name="runScenario" description="Runs Cucumber Scenarios" data-provider="scenarios" finished-at="2022-07-04T14:57:19 IST" duration-ms="16978" status="PASS">
          <params>
            <param index="0">
              <value>
                <![CDATA["Invalid Password Error"]]>
              </value>
            </param>
            <param index="1">
              <value>
                <![CDATA["Optional[To verify the Login feature]"]]>
              </value>
            </param>
          </params>
          <reporter-output>
          </reporter-output>
        </test-method> <!-- runScenario -->
        <test-method signature="runScenario(io.cucumber.testng.PickleWrapper,io.cucumber.testng.FeatureWrapper)[pri:0, instance:com.follo.enginerunner.EngineRunner@82de64a]" started-at="2022-07-04T14:57:19 IST" name="runScenario" description="Runs Cucumber Scenarios" data-provider="scenarios" finished-at="2022-07-04T14:57:35 IST" duration-ms="16785" status="PASS">
          <params>
            <param index="0">
              <value>
                <![CDATA["To check for Broken Links and images in Login page"]]>
              </value>
            </param>
            <param index="1">
              <value>
                <![CDATA["Optional[To verify the Login feature]"]]>
              </value>
            </param>
          </params>
          <reporter-output>
          </reporter-output>
        </test-method> <!-- runScenario -->
        <test-method signature="runScenario(io.cucumber.testng.PickleWrapper,io.cucumber.testng.FeatureWrapper)[pri:0, instance:com.follo.enginerunner.EngineRunner@82de64a]" started-at="2022-07-04T14:57:35 IST" name="runScenario" description="Runs Cucumber Scenarios" data-provider="scenarios" finished-at="2022-07-04T14:57:50 IST" duration-ms="14775" status="PASS">
          <params>
            <param index="0">
              <value>
                <![CDATA["User logging in with valid credentials"]]>
              </value>
            </param>
            <param index="1">
              <value>
                <![CDATA["Optional[To verify the Login feature]"]]>
              </value>
            </param>
          </params>
          <reporter-output>
          </reporter-output>
        </test-method> <!-- runScenario -->
        <test-method signature="runScenario(io.cucumber.testng.PickleWrapper,io.cucumber.testng.FeatureWrapper)[pri:0, instance:com.follo.enginerunner.EngineRunner@82de64a]" started-at="2022-07-04T14:57:50 IST" name="runScenario" description="Runs Cucumber Scenarios" data-provider="scenarios" finished-at="2022-07-04T14:58:00 IST" duration-ms="9809" status="PASS">
          <params>
            <param index="0">
              <value>
                <![CDATA["To select project"]]>
              </value>
            </param>
            <param index="1">
              <value>
                <![CDATA["Optional[To verify the Login feature]"]]>
              </value>
            </param>
          </params>
          <reporter-output>
          </reporter-output>
        </test-method> <!-- runScenario -->
        <test-method signature="runScenario(io.cucumber.testng.PickleWrapper,io.cucumber.testng.FeatureWrapper)[pri:0, instance:com.follo.enginerunner.EngineRunner@82de64a]" started-at="2022-07-04T14:58:00 IST" name="runScenario" description="Runs Cucumber Scenarios" data-provider="scenarios" finished-at="2022-07-04T14:58:11 IST" duration-ms="10865" status="PASS">
          <params>
            <param index="0">
              <value>
                <![CDATA["To navigate to DFOW feature"]]>
              </value>
            </param>
            <param index="1">
              <value>
                <![CDATA["Optional[To verify the DFOW feature]"]]>
              </value>
            </param>
          </params>
          <reporter-output>
          </reporter-output>
        </test-method> <!-- runScenario -->
        <test-method signature="runScenario(io.cucumber.testng.PickleWrapper,io.cucumber.testng.FeatureWrapper)[pri:0, instance:com.follo.enginerunner.EngineRunner@82de64a]" started-at="2022-07-04T14:58:11 IST" name="runScenario" description="Runs Cucumber Scenarios" data-provider="scenarios" finished-at="2022-07-04T14:58:25 IST" duration-ms="14480" status="PASS">
          <params>
            <param index="0">
              <value>
                <![CDATA["Import Invalid DFOW File"]]>
              </value>
            </param>
            <param index="1">
              <value>
                <![CDATA["Optional[To verify the DFOW feature]"]]>
              </value>
            </param>
          </params>
          <reporter-output>
          </reporter-output>
        </test-method> <!-- runScenario -->
        <test-method signature="runScenario(io.cucumber.testng.PickleWrapper,io.cucumber.testng.FeatureWrapper)[pri:0, instance:com.follo.enginerunner.EngineRunner@82de64a]" started-at="2022-07-04T14:58:25 IST" name="runScenario" description="Runs Cucumber Scenarios" data-provider="scenarios" finished-at="2022-07-04T14:58:42 IST" duration-ms="16618" status="PASS">
          <params>
            <param index="0">
              <value>
                <![CDATA["Import DFOW list"]]>
              </value>
            </param>
            <param index="1">
              <value>
                <![CDATA["Optional[To verify the DFOW feature]"]]>
              </value>
            </param>
          </params>
          <reporter-output>
          </reporter-output>
        </test-method> <!-- runScenario -->
        <test-method signature="runScenario(io.cucumber.testng.PickleWrapper,io.cucumber.testng.FeatureWrapper)[pri:0, instance:com.follo.enginerunner.EngineRunner@82de64a]" started-at="2022-07-04T14:58:42 IST" name="runScenario" description="Runs Cucumber Scenarios" data-provider="scenarios" finished-at="2022-07-04T14:59:05 IST" duration-ms="23395" status="PASS">
          <params>
            <param index="0">
              <value>
                <![CDATA["Search DFOW"]]>
              </value>
            </param>
            <param index="1">
              <value>
                <![CDATA["Optional[To verify the DFOW feature]"]]>
              </value>
            </param>
          </params>
          <reporter-output>
          </reporter-output>
        </test-method> <!-- runScenario -->
        <test-method signature="runScenario(io.cucumber.testng.PickleWrapper,io.cucumber.testng.FeatureWrapper)[pri:0, instance:com.follo.enginerunner.EngineRunner@82de64a]" started-at="2022-07-04T14:59:05 IST" name="runScenario" description="Runs Cucumber Scenarios" data-provider="scenarios" finished-at="2022-07-04T14:59:11 IST" duration-ms="5792" status="PASS">
          <params>
            <param index="0">
              <value>
                <![CDATA["Export DFOW list"]]>
              </value>
            </param>
            <param index="1">
              <value>
                <![CDATA["Optional[To verify the DFOW feature]"]]>
              </value>
            </param>
          </params>
          <reporter-output>
          </reporter-output>
        </test-method> <!-- runScenario -->
        <test-method signature="runScenario(io.cucumber.testng.PickleWrapper,io.cucumber.testng.FeatureWrapper)[pri:0, instance:com.follo.enginerunner.EngineRunner@82de64a]" started-at="2022-07-04T14:59:11 IST" name="runScenario" description="Runs Cucumber Scenarios" data-provider="scenarios" finished-at="2022-07-04T14:59:34 IST" duration-ms="22437" status="PASS">
          <params>
            <param index="0">
              <value>
                <![CDATA["Edit a DFOW from the list"]]>
              </value>
            </param>
            <param index="1">
              <value>
                <![CDATA["Optional[To verify the DFOW feature]"]]>
              </value>
            </param>
          </params>
          <reporter-output>
          </reporter-output>
        </test-method> <!-- runScenario -->
        <test-method signature="runScenario(io.cucumber.testng.PickleWrapper,io.cucumber.testng.FeatureWrapper)[pri:0, instance:com.follo.enginerunner.EngineRunner@82de64a]" started-at="2022-07-04T14:59:34 IST" name="runScenario" description="Runs Cucumber Scenarios" data-provider="scenarios" finished-at="2022-07-04T14:59:52 IST" duration-ms="18171" status="PASS">
          <params>
            <param index="0">
              <value>
                <![CDATA["Delete a DFOW from the list"]]>
              </value>
            </param>
            <param index="1">
              <value>
                <![CDATA["Optional[To verify the DFOW feature]"]]>
              </value>
            </param>
          </params>
          <reporter-output>
          </reporter-output>
        </test-method> <!-- runScenario -->
        <test-method signature="runScenario(io.cucumber.testng.PickleWrapper,io.cucumber.testng.FeatureWrapper)[pri:0, instance:com.follo.enginerunner.EngineRunner@82de64a]" started-at="2022-07-04T14:59:52 IST" name="runScenario" description="Runs Cucumber Scenarios" data-provider="scenarios" finished-at="2022-07-04T14:59:56 IST" duration-ms="3841" status="PASS">
          <params>
            <param index="0">
              <value>
                <![CDATA["To navigate to Company feature"]]>
              </value>
            </param>
            <param index="1">
              <value>
                <![CDATA["Optional[To verify the Company feature]"]]>
              </value>
            </param>
          </params>
          <reporter-output>
          </reporter-output>
        </test-method> <!-- runScenario -->
        <test-method signature="runScenario(io.cucumber.testng.PickleWrapper,io.cucumber.testng.FeatureWrapper)[pri:0, instance:com.follo.enginerunner.EngineRunner@82de64a]" started-at="2022-07-04T14:59:56 IST" name="runScenario" description="Runs Cucumber Scenarios" data-provider="scenarios" finished-at="2022-07-04T15:02:30 IST" duration-ms="154282" status="PASS">
          <params>
            <param index="0">
              <value>
                <![CDATA["To add new companies"]]>
              </value>
            </param>
            <param index="1">
              <value>
                <![CDATA["Optional[To verify the Company feature]"]]>
              </value>
            </param>
          </params>
          <reporter-output>
          </reporter-output>
        </test-method> <!-- runScenario -->
        <test-method signature="runScenario(io.cucumber.testng.PickleWrapper,io.cucumber.testng.FeatureWrapper)[pri:0, instance:com.follo.enginerunner.EngineRunner@82de64a]" started-at="2022-07-04T15:02:30 IST" name="runScenario" description="Runs Cucumber Scenarios" data-provider="scenarios" finished-at="2022-07-04T15:03:05 IST" duration-ms="34851" status="PASS">
          <params>
            <param index="0">
              <value>
                <![CDATA["Search Company"]]>
              </value>
            </param>
            <param index="1">
              <value>
                <![CDATA["Optional[To verify the Company feature]"]]>
              </value>
            </param>
          </params>
          <reporter-output>
          </reporter-output>
        </test-method> <!-- runScenario -->
        <test-method signature="runScenario(io.cucumber.testng.PickleWrapper,io.cucumber.testng.FeatureWrapper)[pri:0, instance:com.follo.enginerunner.EngineRunner@82de64a]" started-at="2022-07-04T15:03:05 IST" name="runScenario" description="Runs Cucumber Scenarios" data-provider="scenarios" finished-at="2022-07-04T15:03:58 IST" duration-ms="53060" status="PASS">
          <params>
            <param index="0">
              <value>
                <![CDATA["Edit a Company from the list"]]>
              </value>
            </param>
            <param index="1">
              <value>
                <![CDATA["Optional[To verify the Company feature]"]]>
              </value>
            </param>
          </params>
          <reporter-output>
          </reporter-output>
        </test-method> <!-- runScenario -->
        <test-method signature="runScenario(io.cucumber.testng.PickleWrapper,io.cucumber.testng.FeatureWrapper)[pri:0, instance:com.follo.enginerunner.EngineRunner@82de64a]" started-at="2022-07-04T15:03:58 IST" name="runScenario" description="Runs Cucumber Scenarios" data-provider="scenarios" finished-at="2022-07-04T15:04:25 IST" duration-ms="27061" status="PASS">
          <params>
            <param index="0">
              <value>
                <![CDATA["Filter Company"]]>
              </value>
            </param>
            <param index="1">
              <value>
                <![CDATA["Optional[To verify the Company feature]"]]>
              </value>
            </param>
          </params>
          <reporter-output>
          </reporter-output>
        </test-method> <!-- runScenario -->
        <test-method signature="runScenario(io.cucumber.testng.PickleWrapper,io.cucumber.testng.FeatureWrapper)[pri:0, instance:com.follo.enginerunner.EngineRunner@82de64a]" started-at="2022-07-04T15:04:25 IST" name="runScenario" description="Runs Cucumber Scenarios" data-provider="scenarios" finished-at="2022-07-04T15:04:39 IST" duration-ms="14332" status="PASS">
          <params>
            <param index="0">
              <value>
                <![CDATA["Delete a Company from the list"]]>
              </value>
            </param>
            <param index="1">
              <value>
                <![CDATA["Optional[To verify the Company feature]"]]>
              </value>
            </param>
          </params>
          <reporter-output>
          </reporter-output>
        </test-method> <!-- runScenario -->
        <test-method signature="runScenario(io.cucumber.testng.PickleWrapper,io.cucumber.testng.FeatureWrapper)[pri:0, instance:com.follo.enginerunner.EngineRunner@82de64a]" started-at="2022-07-04T15:04:39 IST" name="runScenario" description="Runs Cucumber Scenarios" data-provider="scenarios" finished-at="2022-07-04T15:04:59 IST" duration-ms="20275" status="PASS">
          <params>
            <param index="0">
              <value>
                <![CDATA["To check invalid file error in import list"]]>
              </value>
            </param>
            <param index="1">
              <value>
                <![CDATA["Optional[To verify the Company feature]"]]>
              </value>
            </param>
          </params>
          <reporter-output>
          </reporter-output>
        </test-method> <!-- runScenario -->
        <test-method signature="runScenario(io.cucumber.testng.PickleWrapper,io.cucumber.testng.FeatureWrapper)[pri:0, instance:com.follo.enginerunner.EngineRunner@82de64a]" started-at="2022-07-04T15:04:59 IST" name="runScenario" description="Runs Cucumber Scenarios" data-provider="scenarios" finished-at="2022-07-04T15:05:17 IST" duration-ms="17354" status="PASS">
          <params>
            <param index="0">
              <value>
                <![CDATA["To Check invalid data in add companies"]]>
              </value>
            </param>
            <param index="1">
              <value>
                <![CDATA["Optional[To verify the Company feature]"]]>
              </value>
            </param>
          </params>
          <reporter-output>
          </reporter-output>
        </test-method> <!-- runScenario -->
        <test-method signature="runScenario(io.cucumber.testng.PickleWrapper,io.cucumber.testng.FeatureWrapper)[pri:0, instance:com.follo.enginerunner.EngineRunner@82de64a]" started-at="2022-07-04T15:05:17 IST" name="runScenario" description="Runs Cucumber Scenarios" data-provider="scenarios" finished-at="2022-07-04T15:07:10 IST" duration-ms="113256" status="PASS">
          <params>
            <param index="0">
              <value>
                <![CDATA["To check character length error in company"]]>
              </value>
            </param>
            <param index="1">
              <value>
                <![CDATA["Optional[To verify the Company feature]"]]>
              </value>
            </param>
          </params>
          <reporter-output>
          </reporter-output>
        </test-method> <!-- runScenario -->
        <test-method signature="runScenario(io.cucumber.testng.PickleWrapper,io.cucumber.testng.FeatureWrapper)[pri:0, instance:com.follo.enginerunner.EngineRunner@82de64a]" started-at="2022-07-04T15:07:10 IST" name="runScenario" description="Runs Cucumber Scenarios" data-provider="scenarios" finished-at="2022-07-04T15:07:14 IST" duration-ms="4228" status="PASS">
          <params>
            <param index="0">
              <value>
                <![CDATA["To click members button from the menu"]]>
              </value>
            </param>
            <param index="1">
              <value>
                <![CDATA["Optional[To verify the Members feature]"]]>
              </value>
            </param>
          </params>
          <reporter-output>
          </reporter-output>
        </test-method> <!-- runScenario -->
        <test-method signature="runScenario(io.cucumber.testng.PickleWrapper,io.cucumber.testng.FeatureWrapper)[pri:0, instance:com.follo.enginerunner.EngineRunner@82de64a]" started-at="2022-07-04T15:07:14 IST" name="runScenario" description="Runs Cucumber Scenarios" data-provider="scenarios" finished-at="2022-07-04T15:08:52 IST" duration-ms="97366" status="PASS">
          <params>
            <param index="0">
              <value>
                <![CDATA["To send invites to Members"]]>
              </value>
            </param>
            <param index="1">
              <value>
                <![CDATA["Optional[To verify the Members feature]"]]>
              </value>
            </param>
          </params>
          <reporter-output>
          </reporter-output>
        </test-method> <!-- runScenario -->
        <test-method signature="runScenario(io.cucumber.testng.PickleWrapper,io.cucumber.testng.FeatureWrapper)[pri:0, instance:com.follo.enginerunner.EngineRunner@82de64a]" started-at="2022-07-04T15:08:52 IST" name="runScenario" description="Runs Cucumber Scenarios" data-provider="scenarios" finished-at="2022-07-04T15:09:13 IST" duration-ms="21349" status="PASS">
          <params>
            <param index="0">
              <value>
                <![CDATA["Members invite error"]]>
              </value>
            </param>
            <param index="1">
              <value>
                <![CDATA["Optional[To verify the Members feature]"]]>
              </value>
            </param>
          </params>
          <reporter-output>
          </reporter-output>
        </test-method> <!-- runScenario -->
        <test-method signature="runScenario(io.cucumber.testng.PickleWrapper,io.cucumber.testng.FeatureWrapper)[pri:0, instance:com.follo.enginerunner.EngineRunner@82de64a]" started-at="2022-07-04T15:09:13 IST" name="runScenario" description="Runs Cucumber Scenarios" data-provider="scenarios" finished-at="2022-07-04T15:09:45 IST" duration-ms="32495" status="PASS">
          <params>
            <param index="0">
              <value>
                <![CDATA["Edit a member from the list"]]>
              </value>
            </param>
            <param index="1">
              <value>
                <![CDATA["Optional[To verify the Members feature]"]]>
              </value>
            </param>
          </params>
          <reporter-output>
          </reporter-output>
        </test-method> <!-- runScenario -->
        <test-method signature="runScenario(io.cucumber.testng.PickleWrapper,io.cucumber.testng.FeatureWrapper)[pri:0, instance:com.follo.enginerunner.EngineRunner@82de64a]" started-at="2022-07-04T15:09:45 IST" name="runScenario" description="Runs Cucumber Scenarios" data-provider="scenarios" finished-at="2022-07-04T15:10:16 IST" duration-ms="30817" status="PASS">
          <params>
            <param index="0">
              <value>
                <![CDATA["Search Members"]]>
              </value>
            </param>
            <param index="1">
              <value>
                <![CDATA["Optional[To verify the Members feature]"]]>
              </value>
            </param>
          </params>
          <reporter-output>
          </reporter-output>
        </test-method> <!-- runScenario -->
        <test-method signature="runScenario(io.cucumber.testng.PickleWrapper,io.cucumber.testng.FeatureWrapper)[pri:0, instance:com.follo.enginerunner.EngineRunner@82de64a]" started-at="2022-07-04T15:10:16 IST" name="runScenario" description="Runs Cucumber Scenarios" data-provider="scenarios" finished-at="2022-07-04T15:10:51 IST" duration-ms="34325" status="PASS">
          <params>
            <param index="0">
              <value>
                <![CDATA["To send re-invites to members in pending state"]]>
              </value>
            </param>
            <param index="1">
              <value>
                <![CDATA["Optional[To verify the Members feature]"]]>
              </value>
            </param>
          </params>
          <reporter-output>
          </reporter-output>
        </test-method> <!-- runScenario -->
        <test-method signature="runScenario(io.cucumber.testng.PickleWrapper,io.cucumber.testng.FeatureWrapper)[pri:0, instance:com.follo.enginerunner.EngineRunner@82de64a]" started-at="2022-07-04T15:10:51 IST" name="runScenario" description="Runs Cucumber Scenarios" data-provider="scenarios" finished-at="2022-07-04T15:11:14 IST" duration-ms="23709" status="PASS">
          <params>
            <param index="0">
              <value>
                <![CDATA["Filter Members based on role"]]>
              </value>
            </param>
            <param index="1">
              <value>
                <![CDATA["Optional[To verify the Members feature]"]]>
              </value>
            </param>
          </params>
          <reporter-output>
          </reporter-output>
        </test-method> <!-- runScenario -->
        <test-method signature="runScenario(io.cucumber.testng.PickleWrapper,io.cucumber.testng.FeatureWrapper)[pri:0, instance:com.follo.enginerunner.EngineRunner@82de64a]" started-at="2022-07-04T15:11:14 IST" name="runScenario" description="Runs Cucumber Scenarios" data-provider="scenarios" finished-at="2022-07-04T15:11:30 IST" duration-ms="15487" status="PASS">
          <params>
            <param index="0">
              <value>
                <![CDATA["Delete a member from the list"]]>
              </value>
            </param>
            <param index="1">
              <value>
                <![CDATA["Optional[To verify the Members feature]"]]>
              </value>
            </param>
          </params>
          <reporter-output>
          </reporter-output>
        </test-method> <!-- runScenario -->
        <test-method signature="runScenario(io.cucumber.testng.PickleWrapper,io.cucumber.testng.FeatureWrapper)[pri:0, instance:com.follo.enginerunner.EngineRunner@82de64a]" started-at="2022-07-04T15:11:30 IST" name="runScenario" description="Runs Cucumber Scenarios" data-provider="scenarios" finished-at="2022-07-04T15:11:35 IST" duration-ms="4922" status="PASS">
          <params>
            <param index="0">
              <value>
                <![CDATA["To click gate button from the menu"]]>
              </value>
            </param>
            <param index="1">
              <value>
                <![CDATA["Optional[To verify the Gate feature]"]]>
              </value>
            </param>
          </params>
          <reporter-output>
          </reporter-output>
        </test-method> <!-- runScenario -->
        <test-method signature="runScenario(io.cucumber.testng.PickleWrapper,io.cucumber.testng.FeatureWrapper)[pri:0, instance:com.follo.enginerunner.EngineRunner@82de64a]" started-at="2022-07-04T15:11:35 IST" name="runScenario" description="Runs Cucumber Scenarios" data-provider="scenarios" finished-at="2022-07-04T15:12:11 IST" duration-ms="35980" status="PASS">
          <params>
            <param index="0">
              <value>
                <![CDATA["To add gates"]]>
              </value>
            </param>
            <param index="1">
              <value>
                <![CDATA["Optional[To verify the Gate feature]"]]>
              </value>
            </param>
          </params>
          <reporter-output>
          </reporter-output>
        </test-method> <!-- runScenario -->
        <test-method signature="runScenario(io.cucumber.testng.PickleWrapper,io.cucumber.testng.FeatureWrapper)[pri:0, instance:com.follo.enginerunner.EngineRunner@82de64a]" started-at="2022-07-04T15:12:11 IST" name="runScenario" description="Runs Cucumber Scenarios" data-provider="scenarios" finished-at="2022-07-04T15:12:41 IST" duration-ms="30531" status="PASS">
          <params>
            <param index="0">
              <value>
                <![CDATA["Edit a gate from the list"]]>
              </value>
            </param>
            <param index="1">
              <value>
                <![CDATA["Optional[To verify the Gate feature]"]]>
              </value>
            </param>
          </params>
          <reporter-output>
          </reporter-output>
        </test-method> <!-- runScenario -->
        <test-method signature="runScenario(io.cucumber.testng.PickleWrapper,io.cucumber.testng.FeatureWrapper)[pri:0, instance:com.follo.enginerunner.EngineRunner@82de64a]" started-at="2022-07-04T15:12:41 IST" name="runScenario" description="Runs Cucumber Scenarios" data-provider="scenarios" finished-at="2022-07-04T15:13:12 IST" duration-ms="30931" status="PASS">
          <params>
            <param index="0">
              <value>
                <![CDATA["Search gate"]]>
              </value>
            </param>
            <param index="1">
              <value>
                <![CDATA["Optional[To verify the Gate feature]"]]>
              </value>
            </param>
          </params>
          <reporter-output>
          </reporter-output>
        </test-method> <!-- runScenario -->
        <test-method signature="runScenario(io.cucumber.testng.PickleWrapper,io.cucumber.testng.FeatureWrapper)[pri:0, instance:com.follo.enginerunner.EngineRunner@82de64a]" started-at="2022-07-04T15:13:12 IST" name="runScenario" description="Runs Cucumber Scenarios" data-provider="scenarios" finished-at="2022-07-04T15:13:27 IST" duration-ms="15316" status="PASS">
          <params>
            <param index="0">
              <value>
                <![CDATA["Delete a gate from the list"]]>
              </value>
            </param>
            <param index="1">
              <value>
                <![CDATA["Optional[To verify the Gate feature]"]]>
              </value>
            </param>
          </params>
          <reporter-output>
          </reporter-output>
        </test-method> <!-- runScenario -->
        <test-method signature="runScenario(io.cucumber.testng.PickleWrapper,io.cucumber.testng.FeatureWrapper)[pri:0, instance:com.follo.enginerunner.EngineRunner@82de64a]" started-at="2022-07-04T15:13:27 IST" name="runScenario" description="Runs Cucumber Scenarios" data-provider="scenarios" finished-at="2022-07-04T15:14:02 IST" duration-ms="34301" status="PASS">
          <params>
            <param index="0">
              <value>
                <![CDATA["To check character length error in gate"]]>
              </value>
            </param>
            <param index="1">
              <value>
                <![CDATA["Optional[To verify the Gate feature]"]]>
              </value>
            </param>
          </params>
          <reporter-output>
          </reporter-output>
        </test-method> <!-- runScenario -->
        <test-method signature="runScenario(io.cucumber.testng.PickleWrapper,io.cucumber.testng.FeatureWrapper)[pri:0, instance:com.follo.enginerunner.EngineRunner@82de64a]" started-at="2022-07-04T15:14:02 IST" name="runScenario" description="Runs Cucumber Scenarios" data-provider="scenarios" finished-at="2022-07-04T15:14:07 IST" duration-ms="5103" status="PASS">
          <params>
            <param index="0">
              <value>
                <![CDATA["To click equipment button from the menu"]]>
              </value>
            </param>
            <param index="1">
              <value>
                <![CDATA["Optional[To verify the Equipment feature]"]]>
              </value>
            </param>
          </params>
          <reporter-output>
          </reporter-output>
        </test-method> <!-- runScenario -->
        <test-method signature="runScenario(io.cucumber.testng.PickleWrapper,io.cucumber.testng.FeatureWrapper)[pri:0, instance:com.follo.enginerunner.EngineRunner@82de64a]" started-at="2022-07-04T15:14:07 IST" name="runScenario" description="Runs Cucumber Scenarios" data-provider="scenarios" finished-at="2022-07-04T15:15:10 IST" duration-ms="63065" status="PASS">
          <params>
            <param index="0">
              <value>
                <![CDATA["To add equipments"]]>
              </value>
            </param>
            <param index="1">
              <value>
                <![CDATA["Optional[To verify the Equipment feature]"]]>
              </value>
            </param>
          </params>
          <reporter-output>
          </reporter-output>
        </test-method> <!-- runScenario -->
        <test-method signature="runScenario(io.cucumber.testng.PickleWrapper,io.cucumber.testng.FeatureWrapper)[pri:0, instance:com.follo.enginerunner.EngineRunner@82de64a]" started-at="2022-07-04T15:15:10 IST" name="runScenario" description="Runs Cucumber Scenarios" data-provider="scenarios" finished-at="2022-07-04T15:15:34 IST" duration-ms="24056" status="PASS">
          <params>
            <param index="0">
              <value>
                <![CDATA["Edit a equipment from the list"]]>
              </value>
            </param>
            <param index="1">
              <value>
                <![CDATA["Optional[To verify the Equipment feature]"]]>
              </value>
            </param>
          </params>
          <reporter-output>
          </reporter-output>
        </test-method> <!-- runScenario -->
        <test-method signature="runScenario(io.cucumber.testng.PickleWrapper,io.cucumber.testng.FeatureWrapper)[pri:0, instance:com.follo.enginerunner.EngineRunner@82de64a]" started-at="2022-07-04T15:15:34 IST" name="runScenario" description="Runs Cucumber Scenarios" data-provider="scenarios" finished-at="2022-07-04T15:16:05 IST" duration-ms="31123" status="PASS">
          <params>
            <param index="0">
              <value>
                <![CDATA["Filter equipment based on equipment name"]]>
              </value>
            </param>
            <param index="1">
              <value>
                <![CDATA["Optional[To verify the Equipment feature]"]]>
              </value>
            </param>
          </params>
          <reporter-output>
          </reporter-output>
        </test-method> <!-- runScenario -->
        <test-method signature="runScenario(io.cucumber.testng.PickleWrapper,io.cucumber.testng.FeatureWrapper)[pri:0, instance:com.follo.enginerunner.EngineRunner@82de64a]" started-at="2022-07-04T15:16:05 IST" name="runScenario" description="Runs Cucumber Scenarios" data-provider="scenarios" finished-at="2022-07-04T15:16:35 IST" duration-ms="29440" status="PASS">
          <params>
            <param index="0">
              <value>
                <![CDATA["Search equipment"]]>
              </value>
            </param>
            <param index="1">
              <value>
                <![CDATA["Optional[To verify the Equipment feature]"]]>
              </value>
            </param>
          </params>
          <reporter-output>
          </reporter-output>
        </test-method> <!-- runScenario -->
        <test-method signature="runScenario(io.cucumber.testng.PickleWrapper,io.cucumber.testng.FeatureWrapper)[pri:0, instance:com.follo.enginerunner.EngineRunner@82de64a]" started-at="2022-07-04T15:16:35 IST" name="runScenario" description="Runs Cucumber Scenarios" data-provider="scenarios" finished-at="2022-07-04T15:16:50 IST" duration-ms="15474" status="PASS">
          <params>
            <param index="0">
              <value>
                <![CDATA["Delete a equipment from the list"]]>
              </value>
            </param>
            <param index="1">
              <value>
                <![CDATA["Optional[To verify the Equipment feature]"]]>
              </value>
            </param>
          </params>
          <reporter-output>
          </reporter-output>
        </test-method> <!-- runScenario -->
        <test-method signature="runScenario(io.cucumber.testng.PickleWrapper,io.cucumber.testng.FeatureWrapper)[pri:0, instance:com.follo.enginerunner.EngineRunner@82de64a]" started-at="2022-07-04T15:16:50 IST" name="runScenario" description="Runs Cucumber Scenarios" data-provider="scenarios" finished-at="2022-07-04T15:17:36 IST" duration-ms="46319" status="PASS">
          <params>
            <param index="0">
              <value>
                <![CDATA["To check character length error in equipment"]]>
              </value>
            </param>
            <param index="1">
              <value>
                <![CDATA["Optional[To verify the Equipment feature]"]]>
              </value>
            </param>
          </params>
          <reporter-output>
          </reporter-output>
        </test-method> <!-- runScenario -->
        <test-method signature="runScenario(io.cucumber.testng.PickleWrapper,io.cucumber.testng.FeatureWrapper)[pri:0, instance:com.follo.enginerunner.EngineRunner@82de64a]" started-at="2022-07-04T15:17:36 IST" name="runScenario" description="Runs Cucumber Scenarios" data-provider="scenarios" finished-at="2022-07-04T15:17:42 IST" duration-ms="5582" status="PASS">
          <params>
            <param index="0">
              <value>
                <![CDATA["To click Delivery calendar button from the menu"]]>
              </value>
            </param>
            <param index="1">
              <value>
                <![CDATA["Optional[To verify the Delivery feature]"]]>
              </value>
            </param>
          </params>
          <reporter-output>
          </reporter-output>
        </test-method> <!-- runScenario -->
        <test-method signature="runScenario(io.cucumber.testng.PickleWrapper,io.cucumber.testng.FeatureWrapper)[pri:0, instance:com.follo.enginerunner.EngineRunner@82de64a]" started-at="2022-07-04T15:17:42 IST" name="runScenario" description="Runs Cucumber Scenarios" data-provider="scenarios" finished-at="2022-07-04T15:21:04 IST" duration-ms="201863" status="PASS">
          <params>
            <param index="0">
              <value>
                <![CDATA["To add delivery"]]>
              </value>
            </param>
            <param index="1">
              <value>
                <![CDATA["Optional[To verify the Delivery feature]"]]>
              </value>
            </param>
          </params>
          <reporter-output>
          </reporter-output>
        </test-method> <!-- runScenario -->
        <test-method signature="runScenario(io.cucumber.testng.PickleWrapper,io.cucumber.testng.FeatureWrapper)[pri:0, instance:com.follo.enginerunner.EngineRunner@82de64a]" started-at="2022-07-04T15:21:04 IST" name="runScenario" description="Runs Cucumber Scenarios" data-provider="scenarios" finished-at="2022-07-04T15:22:04 IST" duration-ms="60211" status="PASS">
          <params>
            <param index="0">
              <value>
                <![CDATA["Search delivery request"]]>
              </value>
            </param>
            <param index="1">
              <value>
                <![CDATA["Optional[To verify the Delivery feature]"]]>
              </value>
            </param>
          </params>
          <reporter-output>
          </reporter-output>
        </test-method> <!-- runScenario -->
        <test-method signature="runScenario(io.cucumber.testng.PickleWrapper,io.cucumber.testng.FeatureWrapper)[pri:0, instance:com.follo.enginerunner.EngineRunner@82de64a]" started-at="2022-07-04T15:22:04 IST" name="runScenario" description="Runs Cucumber Scenarios" data-provider="scenarios" finished-at="2022-07-04T15:23:53 IST" duration-ms="108761" status="PASS">
          <params>
            <param index="0">
              <value>
                <![CDATA["Edit a delivery request"]]>
              </value>
            </param>
            <param index="1">
              <value>
                <![CDATA["Optional[To verify the Delivery feature]"]]>
              </value>
            </param>
          </params>
          <reporter-output>
          </reporter-output>
        </test-method> <!-- runScenario -->
        <test-method signature="runScenario(io.cucumber.testng.PickleWrapper,io.cucumber.testng.FeatureWrapper)[pri:0, instance:com.follo.enginerunner.EngineRunner@82de64a]" started-at="2022-07-04T15:23:53 IST" name="runScenario" description="Runs Cucumber Scenarios" data-provider="scenarios" finished-at="2022-07-04T15:24:50 IST" duration-ms="56793" status="PASS">
          <params>
            <param index="0">
              <value>
                <![CDATA["Filter a delivery request"]]>
              </value>
            </param>
            <param index="1">
              <value>
                <![CDATA["Optional[To verify the Delivery feature]"]]>
              </value>
            </param>
          </params>
          <reporter-output>
          </reporter-output>
        </test-method> <!-- runScenario -->
        <test-method signature="runScenario(io.cucumber.testng.PickleWrapper,io.cucumber.testng.FeatureWrapper)[pri:0, instance:com.follo.enginerunner.EngineRunner@82de64a]" started-at="2022-07-04T15:24:50 IST" name="runScenario" description="Runs Cucumber Scenarios" data-provider="scenarios" finished-at="2022-07-04T15:27:39 IST" duration-ms="169249" status="PASS">
          <params>
            <param index="0">
              <value>
                <![CDATA["User view and delivers the request"]]>
              </value>
            </param>
            <param index="1">
              <value>
                <![CDATA["Optional[To verify the Delivery feature]"]]>
              </value>
            </param>
          </params>
          <reporter-output>
          </reporter-output>
        </test-method> <!-- runScenario -->
        <test-method signature="runScenario(io.cucumber.testng.PickleWrapper,io.cucumber.testng.FeatureWrapper)[pri:0, instance:com.follo.enginerunner.EngineRunner@82de64a]" started-at="2022-07-04T15:27:39 IST" name="runScenario" description="Runs Cucumber Scenarios" data-provider="scenarios" finished-at="2022-07-04T15:28:52 IST" duration-ms="72863" status="PASS">
          <params>
            <param index="0">
              <value>
                <![CDATA["User add attachment to the delivery calendar request"]]>
              </value>
            </param>
            <param index="1">
              <value>
                <![CDATA["Optional[To verify the Delivery feature]"]]>
              </value>
            </param>
          </params>
          <reporter-output>
          </reporter-output>
        </test-method> <!-- runScenario -->
        <test-method signature="runScenario(io.cucumber.testng.PickleWrapper,io.cucumber.testng.FeatureWrapper)[pri:0, instance:com.follo.enginerunner.EngineRunner@82de64a]" started-at="2022-07-04T15:28:52 IST" name="runScenario" description="Runs Cucumber Scenarios" data-provider="scenarios" finished-at="2022-07-04T15:31:00 IST" duration-ms="128145" status="PASS">
          <params>
            <param index="0">
              <value>
                <![CDATA["User view and approve or reject the request"]]>
              </value>
            </param>
            <param index="1">
              <value>
                <![CDATA["Optional[To verify the Delivery feature]"]]>
              </value>
            </param>
          </params>
          <reporter-output>
          </reporter-output>
        </test-method> <!-- runScenario -->
        <test-method signature="runScenario(io.cucumber.testng.PickleWrapper,io.cucumber.testng.FeatureWrapper)[pri:0, instance:com.follo.enginerunner.EngineRunner@82de64a]" started-at="2022-07-04T15:31:00 IST" name="runScenario" description="Runs Cucumber Scenarios" data-provider="scenarios" finished-at="2022-07-04T15:31:49 IST" duration-ms="48745" status="PASS">
          <params>
            <param index="0">
              <value>
                <![CDATA["Push a delivery request to void"]]>
              </value>
            </param>
            <param index="1">
              <value>
                <![CDATA["Optional[To verify the Delivery feature]"]]>
              </value>
            </param>
          </params>
          <reporter-output>
          </reporter-output>
        </test-method> <!-- runScenario -->
        <test-method signature="runScenario(io.cucumber.testng.PickleWrapper,io.cucumber.testng.FeatureWrapper)[pri:0, instance:com.follo.enginerunner.EngineRunner@82de64a]" started-at="2022-07-04T15:31:49 IST" name="runScenario" description="Runs Cucumber Scenarios" data-provider="scenarios" finished-at="2022-07-04T15:32:51 IST" duration-ms="62566" status="PASS">
          <params>
            <param index="0">
              <value>
                <![CDATA["To check invalid date time error in Delivery Calendar"]]>
              </value>
            </param>
            <param index="1">
              <value>
                <![CDATA["Optional[To verify the Delivery feature]"]]>
              </value>
            </param>
          </params>
          <reporter-output>
          </reporter-output>
        </test-method> <!-- runScenario -->
        <test-method signature="runScenario(io.cucumber.testng.PickleWrapper,io.cucumber.testng.FeatureWrapper)[pri:0, instance:com.follo.enginerunner.EngineRunner@82de64a]" started-at="2022-07-04T15:32:51 IST" name="runScenario" description="Runs Cucumber Scenarios" data-provider="scenarios" finished-at="2022-07-04T15:33:05 IST" duration-ms="14068" status="PASS">
          <params>
            <param index="0">
              <value>
                <![CDATA["To click Void button from the menu"]]>
              </value>
            </param>
            <param index="1">
              <value>
                <![CDATA["Optional[To verify the Void feature]"]]>
              </value>
            </param>
          </params>
          <reporter-output>
          </reporter-output>
        </test-method> <!-- runScenario -->
        <test-method signature="runScenario(io.cucumber.testng.PickleWrapper,io.cucumber.testng.FeatureWrapper)[pri:0, instance:com.follo.enginerunner.EngineRunner@82de64a]" started-at="2022-07-04T15:33:05 IST" name="runScenario" description="Runs Cucumber Scenarios" data-provider="scenarios" finished-at="2022-07-04T15:33:33 IST" duration-ms="27953" status="PASS">
          <params>
            <param index="0">
              <value>
                <![CDATA["Search Void request"]]>
              </value>
            </param>
            <param index="1">
              <value>
                <![CDATA["Optional[To verify the Void feature]"]]>
              </value>
            </param>
          </params>
          <reporter-output>
          </reporter-output>
        </test-method> <!-- runScenario -->
        <test-method signature="runScenario(io.cucumber.testng.PickleWrapper,io.cucumber.testng.FeatureWrapper)[pri:0, instance:com.follo.enginerunner.EngineRunner@82de64a]" started-at="2022-07-04T15:33:33 IST" name="runScenario" description="Runs Cucumber Scenarios" data-provider="scenarios" finished-at="2022-07-04T15:33:59 IST" duration-ms="26069" status="PASS">
          <params>
            <param index="0">
              <value>
                <![CDATA["Filter Void request"]]>
              </value>
            </param>
            <param index="1">
              <value>
                <![CDATA["Optional[To verify the Void feature]"]]>
              </value>
            </param>
          </params>
          <reporter-output>
          </reporter-output>
        </test-method> <!-- runScenario -->
        <test-method signature="runScenario(io.cucumber.testng.PickleWrapper,io.cucumber.testng.FeatureWrapper)[pri:0, instance:com.follo.enginerunner.EngineRunner@82de64a]" started-at="2022-07-04T15:33:59 IST" name="runScenario" description="Runs Cucumber Scenarios" data-provider="scenarios" finished-at="2022-07-04T15:34:22 IST" duration-ms="22636" status="PASS">
          <params>
            <param index="0">
              <value>
                <![CDATA["Restore Void request"]]>
              </value>
            </param>
            <param index="1">
              <value>
                <![CDATA["Optional[To verify the Void feature]"]]>
              </value>
            </param>
          </params>
          <reporter-output>
          </reporter-output>
        </test-method> <!-- runScenario -->
        <test-method signature="runScenario(io.cucumber.testng.PickleWrapper,io.cucumber.testng.FeatureWrapper)[pri:0, instance:com.follo.enginerunner.EngineRunner@82de64a]" started-at="2022-07-04T15:34:22 IST" name="runScenario" description="Runs Cucumber Scenarios" data-provider="scenarios" finished-at="2022-07-04T15:34:34 IST" duration-ms="11998" status="PASS">
          <params>
            <param index="0">
              <value>
                <![CDATA["To click All requests button from the menu"]]>
              </value>
            </param>
            <param index="1">
              <value>
                <![CDATA["Optional[To verify the Delivery request]"]]>
              </value>
            </param>
          </params>
          <reporter-output>
          </reporter-output>
        </test-method> <!-- runScenario -->
        <test-method signature="runScenario(io.cucumber.testng.PickleWrapper,io.cucumber.testng.FeatureWrapper)[pri:0, instance:com.follo.enginerunner.EngineRunner@82de64a]" started-at="2022-07-04T15:34:34 IST" name="runScenario" description="Runs Cucumber Scenarios" data-provider="scenarios" finished-at="2022-07-04T15:34:42 IST" duration-ms="7920" status="PASS">
          <params>
            <param index="0">
              <value>
                <![CDATA["To click Delivery requests button from the menu"]]>
              </value>
            </param>
            <param index="1">
              <value>
                <![CDATA["Optional[To verify the Delivery request]"]]>
              </value>
            </param>
          </params>
          <reporter-output>
          </reporter-output>
        </test-method> <!-- runScenario -->
        <test-method signature="runScenario(io.cucumber.testng.PickleWrapper,io.cucumber.testng.FeatureWrapper)[pri:0, instance:com.follo.enginerunner.EngineRunner@82de64a]" started-at="2022-07-04T15:34:42 IST" name="runScenario" description="Runs Cucumber Scenarios" data-provider="scenarios" finished-at="2022-07-04T15:36:47 IST" duration-ms="124958" status="PASS">
          <params>
            <param index="0">
              <value>
                <![CDATA["To add new delivery request"]]>
              </value>
            </param>
            <param index="1">
              <value>
                <![CDATA["Optional[To verify the Delivery request]"]]>
              </value>
            </param>
          </params>
          <reporter-output>
          </reporter-output>
        </test-method> <!-- runScenario -->
        <test-method signature="runScenario(io.cucumber.testng.PickleWrapper,io.cucumber.testng.FeatureWrapper)[pri:0, instance:com.follo.enginerunner.EngineRunner@82de64a]" started-at="2022-07-04T15:36:47 IST" name="runScenario" description="Runs Cucumber Scenarios" data-provider="scenarios" finished-at="2022-07-04T15:37:21 IST" duration-ms="33777" status="PASS">
          <params>
            <param index="0">
              <value>
                <![CDATA["Search delivery request from the list"]]>
              </value>
            </param>
            <param index="1">
              <value>
                <![CDATA["Optional[To verify the Delivery request]"]]>
              </value>
            </param>
          </params>
          <reporter-output>
          </reporter-output>
        </test-method> <!-- runScenario -->
        <test-method signature="runScenario(io.cucumber.testng.PickleWrapper,io.cucumber.testng.FeatureWrapper)[pri:0, instance:com.follo.enginerunner.EngineRunner@82de64a]" started-at="2022-07-04T15:37:21 IST" name="runScenario" description="Runs Cucumber Scenarios" data-provider="scenarios" finished-at="2022-07-04T15:38:35 IST" duration-ms="74512" status="PASS">
          <params>
            <param index="0">
              <value>
                <![CDATA["Edit a delivery request from the list"]]>
              </value>
            </param>
            <param index="1">
              <value>
                <![CDATA["Optional[To verify the Delivery request]"]]>
              </value>
            </param>
          </params>
          <reporter-output>
          </reporter-output>
        </test-method> <!-- runScenario -->
        <test-method signature="runScenario(io.cucumber.testng.PickleWrapper,io.cucumber.testng.FeatureWrapper)[pri:0, instance:com.follo.enginerunner.EngineRunner@82de64a]" started-at="2022-07-04T15:38:35 IST" name="runScenario" description="Runs Cucumber Scenarios" data-provider="scenarios" finished-at="2022-07-04T15:39:21 IST" duration-ms="45884" status="PASS">
          <params>
            <param index="0">
              <value>
                <![CDATA["Filter a delivery request from the list"]]>
              </value>
            </param>
            <param index="1">
              <value>
                <![CDATA["Optional[To verify the Delivery request]"]]>
              </value>
            </param>
          </params>
          <reporter-output>
          </reporter-output>
        </test-method> <!-- runScenario -->
        <test-method signature="runScenario(io.cucumber.testng.PickleWrapper,io.cucumber.testng.FeatureWrapper)[pri:0, instance:com.follo.enginerunner.EngineRunner@82de64a]" started-at="2022-07-04T15:39:21 IST" name="runScenario" description="Runs Cucumber Scenarios" data-provider="scenarios" finished-at="2022-07-04T15:39:37 IST" duration-ms="16176" status="PASS">
          <params>
            <param index="0">
              <value>
                <![CDATA["User view the request information"]]>
              </value>
            </param>
            <param index="1">
              <value>
                <![CDATA["Optional[To verify the Delivery request]"]]>
              </value>
            </param>
          </params>
          <reporter-output>
          </reporter-output>
        </test-method> <!-- runScenario -->
        <test-method signature="runScenario(io.cucumber.testng.PickleWrapper,io.cucumber.testng.FeatureWrapper)[pri:0, instance:com.follo.enginerunner.EngineRunner@82de64a]" started-at="2022-07-04T15:39:37 IST" name="runScenario" description="Runs Cucumber Scenarios" data-provider="scenarios" finished-at="2022-07-04T15:40:02 IST" duration-ms="24791" status="PASS">
          <params>
            <param index="0">
              <value>
                <![CDATA["User add a comment to the request"]]>
              </value>
            </param>
            <param index="1">
              <value>
                <![CDATA["Optional[To verify the Delivery request]"]]>
              </value>
            </param>
          </params>
          <reporter-output>
          </reporter-output>
        </test-method> <!-- runScenario -->
        <test-method signature="runScenario(io.cucumber.testng.PickleWrapper,io.cucumber.testng.FeatureWrapper)[pri:0, instance:com.follo.enginerunner.EngineRunner@82de64a]" started-at="2022-07-04T15:40:02 IST" name="runScenario" description="Runs Cucumber Scenarios" data-provider="scenarios" finished-at="2022-07-04T15:40:20 IST" duration-ms="17760" status="PASS">
          <params>
            <param index="0">
              <value>
                <![CDATA["User view the history of the request"]]>
              </value>
            </param>
            <param index="1">
              <value>
                <![CDATA["Optional[To verify the Delivery request]"]]>
              </value>
            </param>
          </params>
          <reporter-output>
          </reporter-output>
        </test-method> <!-- runScenario -->
        <test-method signature="runScenario(io.cucumber.testng.PickleWrapper,io.cucumber.testng.FeatureWrapper)[pri:0, instance:com.follo.enginerunner.EngineRunner@82de64a]" started-at="2022-07-04T15:40:20 IST" name="runScenario" description="Runs Cucumber Scenarios" data-provider="scenarios" finished-at="2022-07-04T15:40:52 IST" duration-ms="32607" status="PASS">
          <params>
            <param index="0">
              <value>
                <![CDATA["User add attachment to the deliver request"]]>
              </value>
            </param>
            <param index="1">
              <value>
                <![CDATA["Optional[To verify the Delivery request]"]]>
              </value>
            </param>
          </params>
          <reporter-output>
          </reporter-output>
        </test-method> <!-- runScenario -->
        <test-method signature="runScenario(io.cucumber.testng.PickleWrapper,io.cucumber.testng.FeatureWrapper)[pri:0, instance:com.follo.enginerunner.EngineRunner@82de64a]" started-at="2022-07-04T15:40:52 IST" name="runScenario" description="Runs Cucumber Scenarios" data-provider="scenarios" finished-at="2022-07-04T15:41:20 IST" duration-ms="27293" status="PASS">
          <params>
            <param index="0">
              <value>
                <![CDATA["User delivers the delivery request"]]>
              </value>
            </param>
            <param index="1">
              <value>
                <![CDATA["Optional[To verify the Delivery request]"]]>
              </value>
            </param>
          </params>
          <reporter-output>
          </reporter-output>
        </test-method> <!-- runScenario -->
        <test-method signature="runScenario(io.cucumber.testng.PickleWrapper,io.cucumber.testng.FeatureWrapper)[pri:0, instance:com.follo.enginerunner.EngineRunner@82de64a]" started-at="2022-07-04T15:41:20 IST" name="runScenario" description="Runs Cucumber Scenarios" data-provider="scenarios" finished-at="2022-07-04T15:42:06 IST" duration-ms="46434" status="PASS">
          <params>
            <param index="0">
              <value>
                <![CDATA["User view and approve or reject the delivery request"]]>
              </value>
            </param>
            <param index="1">
              <value>
                <![CDATA["Optional[To verify the Delivery request]"]]>
              </value>
            </param>
          </params>
          <reporter-output>
          </reporter-output>
        </test-method> <!-- runScenario -->
        <test-method signature="runScenario(io.cucumber.testng.PickleWrapper,io.cucumber.testng.FeatureWrapper)[pri:0, instance:com.follo.enginerunner.EngineRunner@82de64a]" started-at="2022-07-04T15:42:06 IST" name="runScenario" description="Runs Cucumber Scenarios" data-provider="scenarios" finished-at="2022-07-04T15:42:29 IST" duration-ms="23443" status="PASS">
          <params>
            <param index="0">
              <value>
                <![CDATA["Push a delivery request to void"]]>
              </value>
            </param>
            <param index="1">
              <value>
                <![CDATA["Optional[To verify the Delivery request]"]]>
              </value>
            </param>
          </params>
          <reporter-output>
          </reporter-output>
        </test-method> <!-- runScenario -->
        <test-method signature="runScenario(io.cucumber.testng.PickleWrapper,io.cucumber.testng.FeatureWrapper)[pri:0, instance:com.follo.enginerunner.EngineRunner@82de64a]" started-at="2022-07-04T15:42:29 IST" name="runScenario" description="Runs Cucumber Scenarios" data-provider="scenarios" finished-at="2022-07-04T15:43:38 IST" duration-ms="68060" status="PASS">
          <params>
            <param index="0">
              <value>
                <![CDATA["To check invalid date time error in Delivery Request"]]>
              </value>
            </param>
            <param index="1">
              <value>
                <![CDATA["Optional[To verify the Delivery request]"]]>
              </value>
            </param>
          </params>
          <reporter-output>
          </reporter-output>
        </test-method> <!-- runScenario -->
        <test-method signature="runScenario(io.cucumber.testng.PickleWrapper,io.cucumber.testng.FeatureWrapper)[pri:0, instance:com.follo.enginerunner.EngineRunner@82de64a]" started-at="2022-07-04T15:43:38 IST" name="runScenario" description="Runs Cucumber Scenarios" data-provider="scenarios" finished-at="2022-07-04T15:44:01 IST" duration-ms="23569" status="PASS">
          <params>
            <param index="0">
              <value>
                <![CDATA["To check invalid file error in import list"]]>
              </value>
            </param>
            <param index="1">
              <value>
                <![CDATA["Optional[To verify the Delivery request]"]]>
              </value>
            </param>
          </params>
          <reporter-output>
          </reporter-output>
        </test-method> <!-- runScenario -->
        <test-method signature="runScenario(io.cucumber.testng.PickleWrapper,io.cucumber.testng.FeatureWrapper)[pri:0, instance:com.follo.enginerunner.EngineRunner@82de64a]" started-at="2022-07-04T15:44:01 IST" name="runScenario" description="Runs Cucumber Scenarios" data-provider="scenarios" finished-at="2022-07-04T15:44:10 IST" duration-ms="9135" status="PASS">
          <params>
            <param index="0">
              <value>
                <![CDATA["To click queued requests button from the menu"]]>
              </value>
            </param>
            <param index="1">
              <value>
                <![CDATA["Optional[To verify the queued request]"]]>
              </value>
            </param>
          </params>
          <reporter-output>
          </reporter-output>
        </test-method> <!-- runScenario -->
        <test-method signature="runScenario(io.cucumber.testng.PickleWrapper,io.cucumber.testng.FeatureWrapper)[pri:0, instance:com.follo.enginerunner.EngineRunner@82de64a]" started-at="2022-07-04T15:44:10 IST" name="runScenario" description="Runs Cucumber Scenarios" data-provider="scenarios" finished-at="2022-07-04T15:44:31 IST" duration-ms="21071" status="PASS">
          <params>
            <param index="0">
              <value>
                <![CDATA["To check invalid file error in import list"]]>
              </value>
            </param>
            <param index="1">
              <value>
                <![CDATA["Optional[To verify the queued request]"]]>
              </value>
            </param>
          </params>
          <reporter-output>
          </reporter-output>
        </test-method> <!-- runScenario -->
        <test-method signature="runScenario(io.cucumber.testng.PickleWrapper,io.cucumber.testng.FeatureWrapper)[pri:0, instance:com.follo.enginerunner.EngineRunner@82de64a]" started-at="2022-07-04T15:44:31 IST" name="runScenario" description="Runs Cucumber Scenarios" data-provider="scenarios" finished-at="2022-07-04T15:44:42 IST" duration-ms="10217" status="PASS">
          <params>
            <param index="0">
              <value>
                <![CDATA["To click Calendar settings button from the menu"]]>
              </value>
            </param>
            <param index="1">
              <value>
                <![CDATA["Optional[To verify the Calendar settings]"]]>
              </value>
            </param>
          </params>
          <reporter-output>
          </reporter-output>
        </test-method> <!-- runScenario -->
        <test-method signature="runScenario(io.cucumber.testng.PickleWrapper,io.cucumber.testng.FeatureWrapper)[pri:0, instance:com.follo.enginerunner.EngineRunner@82de64a]" started-at="2022-07-04T15:44:42 IST" name="runScenario" description="Runs Cucumber Scenarios" data-provider="scenarios" finished-at="2022-07-04T15:45:43 IST" duration-ms="61748" status="PASS">
          <params>
            <param index="0">
              <value>
                <![CDATA["To add new event in Calendar settings"]]>
              </value>
            </param>
            <param index="1">
              <value>
                <![CDATA["Optional[To verify the Calendar settings]"]]>
              </value>
            </param>
          </params>
          <reporter-output>
          </reporter-output>
        </test-method> <!-- runScenario -->
        <test-method signature="runScenario(io.cucumber.testng.PickleWrapper,io.cucumber.testng.FeatureWrapper)[pri:0, instance:com.follo.enginerunner.EngineRunner@82de64a]" started-at="2022-07-04T15:45:43 IST" name="runScenario" description="Runs Cucumber Scenarios" data-provider="scenarios" finished-at="2022-07-04T15:47:03 IST" duration-ms="79831" status="PASS">
          <params>
            <param index="0">
              <value>
                <![CDATA["Search a event from the calendar settings"]]>
              </value>
            </param>
            <param index="1">
              <value>
                <![CDATA["Optional[To verify the Calendar settings]"]]>
              </value>
            </param>
          </params>
          <reporter-output>
          </reporter-output>
        </test-method> <!-- runScenario -->
        <test-method signature="runScenario(io.cucumber.testng.PickleWrapper,io.cucumber.testng.FeatureWrapper)[pri:0, instance:com.follo.enginerunner.EngineRunner@82de64a]" started-at="2022-07-04T15:47:03 IST" name="runScenario" description="Runs Cucumber Scenarios" data-provider="scenarios" finished-at="2022-07-04T15:48:47 IST" duration-ms="104403" status="PASS">
          <params>
            <param index="0">
              <value>
                <![CDATA["Edit a event from the calendar settings"]]>
              </value>
            </param>
            <param index="1">
              <value>
                <![CDATA["Optional[To verify the Calendar settings]"]]>
              </value>
            </param>
          </params>
          <reporter-output>
          </reporter-output>
        </test-method> <!-- runScenario -->
        <test-method signature="runScenario(io.cucumber.testng.PickleWrapper,io.cucumber.testng.FeatureWrapper)[pri:0, instance:com.follo.enginerunner.EngineRunner@82de64a]" started-at="2022-07-04T15:48:47 IST" name="runScenario" description="Runs Cucumber Scenarios" data-provider="scenarios" finished-at="2022-07-04T15:49:58 IST" duration-ms="70904" status="PASS">
          <params>
            <param index="0">
              <value>
                <![CDATA["To check invalid date time error in CalendarSettings"]]>
              </value>
            </param>
            <param index="1">
              <value>
                <![CDATA["Optional[To verify the Calendar settings]"]]>
              </value>
            </param>
          </params>
          <reporter-output>
          </reporter-output>
        </test-method> <!-- runScenario -->
        <test-method signature="runScenario(io.cucumber.testng.PickleWrapper,io.cucumber.testng.FeatureWrapper)[pri:0, instance:com.follo.enginerunner.EngineRunner@82de64a]" started-at="2022-07-04T15:49:58 IST" name="runScenario" description="Runs Cucumber Scenarios" data-provider="scenarios" finished-at="2022-07-04T15:50:09 IST" duration-ms="10893" status="PASS">
          <params>
            <param index="0">
              <value>
                <![CDATA["To click Crane calendar button from the menu"]]>
              </value>
            </param>
            <param index="1">
              <value>
                <![CDATA["Optional[To verify the Crane calendar]"]]>
              </value>
            </param>
          </params>
          <reporter-output>
          </reporter-output>
        </test-method> <!-- runScenario -->
        <test-method signature="runScenario(io.cucumber.testng.PickleWrapper,io.cucumber.testng.FeatureWrapper)[pri:0, instance:com.follo.enginerunner.EngineRunner@82de64a]" started-at="2022-07-04T15:50:09 IST" name="runScenario" description="Runs Cucumber Scenarios" data-provider="scenarios" finished-at="2022-07-04T15:52:14 IST" duration-ms="124760" status="PASS">
          <params>
            <param index="0">
              <value>
                <![CDATA["To add new crane request"]]>
              </value>
            </param>
            <param index="1">
              <value>
                <![CDATA["Optional[To verify the Crane calendar]"]]>
              </value>
            </param>
          </params>
          <reporter-output>
          </reporter-output>
        </test-method> <!-- runScenario -->
        <test-method signature="runScenario(io.cucumber.testng.PickleWrapper,io.cucumber.testng.FeatureWrapper)[pri:0, instance:com.follo.enginerunner.EngineRunner@82de64a]" started-at="2022-07-04T15:52:14 IST" name="runScenario" description="Runs Cucumber Scenarios" data-provider="scenarios" finished-at="2022-07-04T15:52:32 IST" duration-ms="18447" status="PASS">
          <params>
            <param index="0">
              <value>
                <![CDATA["To add a crane request without mandatory feild"]]>
              </value>
            </param>
            <param index="1">
              <value>
                <![CDATA["Optional[To verify the Crane calendar]"]]>
              </value>
            </param>
          </params>
          <reporter-output>
          </reporter-output>
        </test-method> <!-- runScenario -->
        <test-method signature="runScenario(io.cucumber.testng.PickleWrapper,io.cucumber.testng.FeatureWrapper)[pri:0, instance:com.follo.enginerunner.EngineRunner@82de64a]" started-at="2022-07-04T15:52:32 IST" name="runScenario" description="Runs Cucumber Scenarios" data-provider="scenarios" finished-at="2022-07-04T15:53:36 IST" duration-ms="63314" status="PASS">
          <params>
            <param index="0">
              <value>
                <![CDATA["To check invalid time error in Crane Calendar"]]>
              </value>
            </param>
            <param index="1">
              <value>
                <![CDATA["Optional[To verify the Crane calendar]"]]>
              </value>
            </param>
          </params>
          <reporter-output>
          </reporter-output>
        </test-method> <!-- runScenario -->
        <test-method signature="runScenario(io.cucumber.testng.PickleWrapper,io.cucumber.testng.FeatureWrapper)[pri:0, instance:com.follo.enginerunner.EngineRunner@82de64a]" started-at="2022-07-04T15:53:36 IST" name="runScenario" description="Runs Cucumber Scenarios" data-provider="scenarios" finished-at="2022-07-04T15:54:58 IST" duration-ms="82665" status="PASS">
          <params>
            <param index="0">
              <value>
                <![CDATA["To edit and save a crane request without company in Crane Calendar"]]>
              </value>
            </param>
            <param index="1">
              <value>
                <![CDATA["Optional[To verify the Crane calendar]"]]>
              </value>
            </param>
          </params>
          <reporter-output>
          </reporter-output>
        </test-method> <!-- runScenario -->
        <test-method signature="runScenario(io.cucumber.testng.PickleWrapper,io.cucumber.testng.FeatureWrapper)[pri:0, instance:com.follo.enginerunner.EngineRunner@82de64a]" started-at="2022-07-04T15:54:58 IST" name="runScenario" description="Runs Cucumber Scenarios" data-provider="scenarios" finished-at="2022-07-04T15:56:18 IST" duration-ms="79781" status="PASS">
          <params>
            <param index="0">
              <value>
                <![CDATA["To edit and save a crane request without DFOW in Crane Calendar"]]>
              </value>
            </param>
            <param index="1">
              <value>
                <![CDATA["Optional[To verify the Crane calendar]"]]>
              </value>
            </param>
          </params>
          <reporter-output>
          </reporter-output>
        </test-method> <!-- runScenario -->
        <test-method signature="runScenario(io.cucumber.testng.PickleWrapper,io.cucumber.testng.FeatureWrapper)[pri:0, instance:com.follo.enginerunner.EngineRunner@82de64a]" started-at="2022-07-04T15:56:18 IST" name="runScenario" description="Runs Cucumber Scenarios" data-provider="scenarios" finished-at="2022-07-04T15:57:39 IST" duration-ms="80485" status="PASS">
          <params>
            <param index="0">
              <value>
[...]
          <params>
            <param index="0">
              <value>
                <![CDATA["To click All requests button from the menu to click Concrete"]]>
              </value>
            </param>
            <param index="1">
              <value>
                <![CDATA["Optional[To verify the concrete calendar]"]]>
              </value>
            </param>
          </params>
          <reporter-output>
          </reporter-output>
        </test-method> <!-- runScenario -->
        <test-method signature="runScenario(io.cucumber.testng.PickleWrapper,io.cucumber.testng.FeatureWrapper)[pri:0, instance:com.follo.enginerunner.EngineRunner@82de64a]" started-at="2022-07-04T16:43:03 IST" name="runScenario" description="Runs Cucumber Scenarios" data-provider="scenarios" finished-at="2022-07-04T16:44:03 IST" duration-ms="59614" status="PASS">
          <params>
            <param index="0">
              <value>
                <![CDATA["To click Concrete requests button from the menu"]]>
              </value>
            </param>
            <param index="1">
              <value>
                <![CDATA["Optional[To verify the concrete calendar]"]]>
              </value>
            </param>
          </params>
          <reporter-output>
          </reporter-output>
        </test-method> <!-- runScenario -->
        <test-method signature="runScenario(io.cucumber.testng.PickleWrapper,io.cucumber.testng.FeatureWrapper)[pri:0, instance:com.follo.enginerunner.EngineRunner@82de64a]" started-at="2022-07-04T16:44:03 IST" name="runScenario" description="Runs Cucumber Scenarios" data-provider="scenarios" finished-at="2022-07-04T16:46:16 IST" duration-ms="133368" status="PASS">
          <params>
            <param index="0">
              <value>
                <![CDATA["To add new Concrete request"]]>
              </value>
            </param>
            <param index="1">
              <value>
                <![CDATA["Optional[To verify the concrete calendar]"]]>
              </value>
            </param>
          </params>
          <reporter-output>
          </reporter-output>
        </test-method> <!-- runScenario -->
        <test-method signature="runScenario(io.cucumber.testng.PickleWrapper,io.cucumber.testng.FeatureWrapper)[pri:0, instance:com.follo.enginerunner.EngineRunner@82de64a]" started-at="2022-07-04T16:46:16 IST" name="runScenario" description="Runs Cucumber Scenarios" data-provider="scenarios" finished-at="2022-07-04T16:47:20 IST" duration-ms="63592" status="PASS">
          <params>
            <param index="0">
              <value>
                <![CDATA["Search Concrete request from the list"]]>
              </value>
            </param>
            <param index="1">
              <value>
                <![CDATA["Optional[To verify the concrete calendar]"]]>
              </value>
            </param>
          </params>
          <reporter-output>
          </reporter-output>
        </test-method> <!-- runScenario -->
        <test-method signature="runScenario(io.cucumber.testng.PickleWrapper,io.cucumber.testng.FeatureWrapper)[pri:0, instance:com.follo.enginerunner.EngineRunner@82de64a]" started-at="2022-07-04T16:47:20 IST" name="runScenario" description="Runs Cucumber Scenarios" data-provider="scenarios" finished-at="2022-07-04T16:48:42 IST" duration-ms="82174" status="PASS">
          <params>
            <param index="0">
              <value>
                <![CDATA["Edit a Concrete request from the list"]]>
              </value>
            </param>
            <param index="1">
              <value>
                <![CDATA["Optional[To verify the concrete calendar]"]]>
              </value>
            </param>
          </params>
          <reporter-output>
          </reporter-output>
        </test-method> <!-- runScenario -->
        <test-method signature="runScenario(io.cucumber.testng.PickleWrapper,io.cucumber.testng.FeatureWrapper)[pri:0, instance:com.follo.enginerunner.EngineRunner@82de64a]" started-at="2022-07-04T16:48:42 IST" name="runScenario" description="Runs Cucumber Scenarios" data-provider="scenarios" finished-at="2022-07-04T16:49:36 IST" duration-ms="54317" status="PASS">
          <params>
            <param index="0">
              <value>
                <![CDATA["Filter a Concrete request from the list"]]>
              </value>
            </param>
            <param index="1">
              <value>
                <![CDATA["Optional[To verify the concrete calendar]"]]>
              </value>
            </param>
          </params>
          <reporter-output>
          </reporter-output>
        </test-method> <!-- runScenario -->
        <test-method signature="runScenario(io.cucumber.testng.PickleWrapper,io.cucumber.testng.FeatureWrapper)[pri:0, instance:com.follo.enginerunner.EngineRunner@82de64a]" started-at="2022-07-04T16:49:36 IST" name="runScenario" description="Runs Cucumber Scenarios" data-provider="scenarios" finished-at="2022-07-04T16:51:07 IST" duration-ms="91136" status="PASS">
          <params>
            <param index="0">
              <value>
                <![CDATA["To view info and history, add comment, add attachment to the Concrete request"]]>
              </value>
            </param>
            <param index="1">
              <value>
                <![CDATA["Optional[To verify the concrete calendar]"]]>
              </value>
            </param>
          </params>
          <reporter-output>
          </reporter-output>
        </test-method> <!-- runScenario -->
        <test-method signature="runScenario(io.cucumber.testng.PickleWrapper,io.cucumber.testng.FeatureWrapper)[pri:0, instance:com.follo.enginerunner.EngineRunner@82de64a]" started-at="2022-07-04T16:51:07 IST" name="runScenario" description="Runs Cucumber Scenarios" data-provider="scenarios" finished-at="2022-07-04T16:52:22 IST" duration-ms="75017" status="PASS">
          <params>
            <param index="0">
              <value>
                <![CDATA["Approve and Complete a concrete request from the list"]]>
              </value>
            </param>
            <param index="1">
              <value>
                <![CDATA["Optional[To verify the concrete calendar]"]]>
              </value>
            </param>
          </params>
          <reporter-output>
          </reporter-output>
        </test-method> <!-- runScenario -->
        <test-method signature="runScenario(io.cucumber.testng.PickleWrapper,io.cucumber.testng.FeatureWrapper)[pri:0, instance:com.follo.enginerunner.EngineRunner@82de64a]" started-at="2022-07-04T16:52:22 IST" name="runScenario" description="Runs Cucumber Scenarios" data-provider="scenarios" finished-at="2022-07-04T16:53:44 IST" duration-ms="81614" status="PASS">
          <params>
            <param index="0">
              <value>
                <![CDATA["Add pump to the concrete request in the list"]]>
              </value>
            </param>
            <param index="1">
              <value>
                <![CDATA["Optional[To verify the concrete calendar]"]]>
              </value>
            </param>
          </params>
          <reporter-output>
          </reporter-output>
        </test-method> <!-- runScenario -->
        <test-method signature="runScenario(io.cucumber.testng.PickleWrapper,io.cucumber.testng.FeatureWrapper)[pri:0, instance:com.follo.enginerunner.EngineRunner@82de64a]" started-at="2022-07-04T16:53:44 IST" name="runScenario" description="Runs Cucumber Scenarios" data-provider="scenarios" finished-at="2022-07-04T16:54:13 IST" duration-ms="28563" status="PASS">
          <params>
            <param index="0">
              <value>
                <![CDATA["Add new Concrete request without filling mandatory field"]]>
              </value>
            </param>
            <param index="1">
              <value>
                <![CDATA["Optional[To verify the concrete calendar]"]]>
              </value>
            </param>
          </params>
          <reporter-output>
          </reporter-output>
        </test-method> <!-- runScenario -->
        <test-method signature="runScenario(io.cucumber.testng.PickleWrapper,io.cucumber.testng.FeatureWrapper)[pri:0, instance:com.follo.enginerunner.EngineRunner@82de64a]" started-at="2022-07-04T16:54:13 IST" name="runScenario" description="Runs Cucumber Scenarios" data-provider="scenarios" finished-at="2022-07-04T16:55:23 IST" duration-ms="70127" status="PASS">
          <params>
            <param index="0">
              <value>
                <![CDATA["Add new Concrete request with invalid date and time"]]>
              </value>
            </param>
            <param index="1">
              <value>
                <![CDATA["Optional[To verify the concrete calendar]"]]>
              </value>
            </param>
          </params>
          <reporter-output>
          </reporter-output>
        </test-method> <!-- runScenario -->
        <test-method signature="runScenario(io.cucumber.testng.PickleWrapper,io.cucumber.testng.FeatureWrapper)[pri:0, instance:com.follo.enginerunner.EngineRunner@82de64a]" started-at="2022-07-04T16:55:23 IST" name="runScenario" description="Runs Cucumber Scenarios" data-provider="scenarios" finished-at="2022-07-04T16:55:57 IST" duration-ms="34785" status="PASS">
          <params>
            <param index="0">
              <value>
                <![CDATA["Add invalid file in Concrete request"]]>
              </value>
            </param>
            <param index="1">
              <value>
                <![CDATA["Optional[To verify the concrete calendar]"]]>
              </value>
            </param>
          </params>
          <reporter-output>
          </reporter-output>
        </test-method> <!-- runScenario -->
        <test-method signature="runScenario(io.cucumber.testng.PickleWrapper,io.cucumber.testng.FeatureWrapper)[pri:0, instance:com.follo.enginerunner.EngineRunner@82de64a]" started-at="2022-07-04T16:55:57 IST" name="runScenario" description="Runs Cucumber Scenarios" data-provider="scenarios" finished-at="2022-07-04T16:56:28 IST" duration-ms="30672" status="PASS">
          <params>
            <param index="0">
              <value>
                <![CDATA["Push a Concrete request from the list"]]>
              </value>
            </param>
            <param index="1">
              <value>
                <![CDATA["Optional[To verify the concrete calendar]"]]>
              </value>
            </param>
          </params>
          <reporter-output>
          </reporter-output>
        </test-method> <!-- runScenario -->
        <test-method signature="runScenario(io.cucumber.testng.PickleWrapper,io.cucumber.testng.FeatureWrapper)[pri:0, instance:com.follo.enginerunner.EngineRunner@82de64a]" started-at="2022-07-04T16:56:28 IST" name="runScenario" description="Runs Cucumber Scenarios" data-provider="scenarios" finished-at="2022-07-04T16:56:46 IST" duration-ms="17489" status="PASS">
          <params>
            <param index="0">
              <value>
                <![CDATA["To delete Concrete request"]]>
              </value>
            </param>
            <param index="1">
              <value>
                <![CDATA["Optional[To verify the concrete calendar]"]]>
              </value>
            </param>
          </params>
          <reporter-output>
          </reporter-output>
        </test-method> <!-- runScenario -->
        <test-method signature="runScenario(io.cucumber.testng.PickleWrapper,io.cucumber.testng.FeatureWrapper)[pri:0, instance:com.follo.enginerunner.EngineRunner@82de64a]" started-at="2022-07-04T16:56:46 IST" name="runScenario" description="Runs Cucumber Scenarios" data-provider="scenarios" finished-at="2022-07-04T16:57:23 IST" duration-ms="37392" status="PASS">
          <params>
            <param index="0">
              <value>
                <![CDATA["User login existing account to verify notification feature"]]>
              </value>
            </param>
            <param index="1">
              <value>
                <![CDATA["Optional[To verify Notification preference functionality]"]]>
              </value>
            </param>
          </params>
          <reporter-output>
          </reporter-output>
        </test-method> <!-- runScenario -->
        <test-method signature="runScenario(io.cucumber.testng.PickleWrapper,io.cucumber.testng.FeatureWrapper)[pri:0, instance:com.follo.enginerunner.EngineRunner@82de64a]" started-at="2022-07-04T16:57:23 IST" name="runScenario" description="Runs Cucumber Scenarios" data-provider="scenarios" finished-at="2022-07-04T16:57:39 IST" duration-ms="16244" status="PASS">
          <params>
            <param index="0">
              <value>
                <![CDATA["To select project"]]>
              </value>
            </param>
            <param index="1">
              <value>
                <![CDATA["Optional[To verify Notification preference functionality]"]]>
              </value>
            </param>
          </params>
          <reporter-output>
          </reporter-output>
        </test-method> <!-- runScenario -->
        <test-method signature="runScenario(io.cucumber.testng.PickleWrapper,io.cucumber.testng.FeatureWrapper)[pri:0, instance:com.follo.enginerunner.EngineRunner@82de64a]" started-at="2022-07-04T16:57:39 IST" name="runScenario" description="Runs Cucumber Scenarios" data-provider="scenarios" finished-at="2022-07-04T16:58:01 IST" duration-ms="22055" status="PASS">
          <params>
            <param index="0">
              <value>
                <![CDATA["To navigate to notification preference feature"]]>
              </value>
            </param>
            <param index="1">
              <value>
                <![CDATA["Optional[To verify Notification preference functionality]"]]>
              </value>
            </param>
          </params>
          <reporter-output>
          </reporter-output>
        </test-method> <!-- runScenario -->
        <test-method signature="runScenario(io.cucumber.testng.PickleWrapper,io.cucumber.testng.FeatureWrapper)[pri:0, instance:com.follo.enginerunner.EngineRunner@82de64a]" started-at="2022-07-04T16:58:01 IST" name="runScenario" description="Runs Cucumber Scenarios" data-provider="scenarios" finished-at="2022-07-04T16:58:57 IST" duration-ms="55209" status="PASS">
          <params>
            <param index="0">
              <value>
                <![CDATA["User updates Notification preference"]]>
              </value>
            </param>
            <param index="1">
              <value>
                <![CDATA["Optional[To verify Notification preference functionality]"]]>
              </value>
            </param>
          </params>
          <reporter-output>
          </reporter-output>
        </test-method> <!-- runScenario -->
        <test-method signature="runScenario(io.cucumber.testng.PickleWrapper,io.cucumber.testng.FeatureWrapper)[pri:0, instance:com.follo.enginerunner.EngineRunner@82de64a]" started-at="2022-07-04T16:58:57 IST" name="runScenario" description="Runs Cucumber Scenarios" data-provider="scenarios" finished-at="2022-07-04T16:59:27 IST" duration-ms="30763" status="PASS">
          <params>
            <param index="0">
              <value>
                <![CDATA["User login existing member account to verify notification feature"]]>
              </value>
            </param>
            <param index="1">
              <value>
                <![CDATA["Optional[To verify Notification preference functionality]"]]>
              </value>
            </param>
          </params>
          <reporter-output>
          </reporter-output>
        </test-method> <!-- runScenario -->
        <test-method signature="runScenario(io.cucumber.testng.PickleWrapper,io.cucumber.testng.FeatureWrapper)[pri:0, instance:com.follo.enginerunner.EngineRunner@82de64a]" started-at="2022-07-04T16:59:27 IST" name="runScenario" description="Runs Cucumber Scenarios" data-provider="scenarios" finished-at="2022-07-04T16:59:46 IST" duration-ms="18236" status="PASS">
          <params>
            <param index="0">
              <value>
                <![CDATA["To select project"]]>
              </value>
            </param>
            <param index="1">
              <value>
                <![CDATA["Optional[To verify Notification preference functionality]"]]>
              </value>
            </param>
          </params>
          <reporter-output>
          </reporter-output>
        </test-method> <!-- runScenario -->
        <test-method signature="runScenario(io.cucumber.testng.PickleWrapper,io.cucumber.testng.FeatureWrapper)[pri:0, instance:com.follo.enginerunner.EngineRunner@82de64a]" started-at="2022-07-04T16:59:46 IST" name="runScenario" description="Runs Cucumber Scenarios" data-provider="scenarios" finished-at="2022-07-04T17:02:12 IST" duration-ms="146630" status="PASS">
          <params>
            <param index="0">
              <value>
                <![CDATA["Member perform changes in the request"]]>
              </value>
            </param>
            <param index="1">
              <value>
                <![CDATA["Optional[To verify Notification preference functionality]"]]>
              </value>
            </param>
          </params>
          <reporter-output>
          </reporter-output>
        </test-method> <!-- runScenario -->
        <test-method signature="runScenario(io.cucumber.testng.PickleWrapper,io.cucumber.testng.FeatureWrapper)[pri:0, instance:com.follo.enginerunner.EngineRunner@82de64a]" started-at="2022-07-04T17:02:12 IST" name="runScenario" description="Runs Cucumber Scenarios" data-provider="scenarios" finished-at="2022-07-04T17:03:04 IST" duration-ms="52169" status="PASS">
          <params>
            <param index="0">
              <value>
                <![CDATA["User again login and clicks notification from menu"]]>
              </value>
            </param>
            <param index="1">
              <value>
                <![CDATA["Optional[To verify Notification preference functionality]"]]>
              </value>
            </param>
          </params>
          <reporter-output>
          </reporter-output>
        </test-method> <!-- runScenario -->
        <test-method signature="runScenario(io.cucumber.testng.PickleWrapper,io.cucumber.testng.FeatureWrapper)[pri:0, instance:com.follo.enginerunner.EngineRunner@82de64a]" started-at="2022-07-04T17:03:04 IST" name="runScenario" description="Runs Cucumber Scenarios" data-provider="scenarios" finished-at="2022-07-04T17:06:19 IST" duration-ms="194656" status="PASS">
          <params>
            <param index="0">
              <value>
                <![CDATA["To verify the notification list"]]>
              </value>
            </param>
            <param index="1">
              <value>
                <![CDATA["Optional[To verify Notification preference functionality]"]]>
              </value>
            </param>
          </params>
          <reporter-output>
          </reporter-output>
        </test-method> <!-- runScenario -->
        <test-method is-config="true" signature="tearDownClass()[pri:0, instance:com.follo.enginerunner.EngineRunner@82de64a]" started-at="2022-07-04T17:06:19 IST" name="tearDownClass" finished-at="2022-07-04T17:06:19 IST" duration-ms="42" status="PASS">
          <reporter-output>
          </reporter-output>
        </test-method> <!-- tearDownClass -->
      </class> <!-- com.follo.enginerunner.EngineRunner -->
    </test> <!-- Default test -->
  </suite> <!-- Default suite -->
</testng-results>
